{"/Users/kirstiehayes/Documents/emotionalise/app.js": {"path":"/Users/kirstiehayes/Documents/emotionalise/app.js","statementMap":{"0":{"start":{"line":2,"column":16},"end":{"line":2,"column":34}},"1":{"start":{"line":3,"column":23},"end":{"line":3,"column":53}},"2":{"start":{"line":4,"column":21},"end":{"line":4,"column":45}},"3":{"start":{"line":6,"column":13},"end":{"line":6,"column":28}},"4":{"start":{"line":7,"column":12},"end":{"line":7,"column":21}},"5":{"start":{"line":8,"column":17},"end":{"line":8,"column":36}},"6":{"start":{"line":9,"column":17},"end":{"line":9,"column":36}},"7":{"start":{"line":10,"column":16},"end":{"line":10,"column":42}},"8":{"start":{"line":11,"column":19},"end":{"line":11,"column":52}},"9":{"start":{"line":12,"column":23},"end":{"line":12,"column":49}},"10":{"start":{"line":13,"column":14},"end":{"line":13,"column":38}},"11":{"start":{"line":14,"column":15},"end":{"line":14,"column":32}},"12":{"start":{"line":15,"column":18},"end":{"line":15,"column":46}},"13":{"start":{"line":17,"column":19},"end":{"line":17,"column":43}},"14":{"start":{"line":18,"column":24},"end":{"line":18,"column":53}},"15":{"start":{"line":19,"column":27},"end":{"line":19,"column":59}},"16":{"start":{"line":20,"column":26},"end":{"line":20,"column":57}},"17":{"start":{"line":21,"column":23},"end":{"line":21,"column":52}},"18":{"start":{"line":22,"column":22},"end":{"line":22,"column":49}},"19":{"start":{"line":23,"column":21},"end":{"line":23,"column":47}},"20":{"start":{"line":24,"column":24},"end":{"line":24,"column":53}},"21":{"start":{"line":25,"column":22},"end":{"line":25,"column":50}},"22":{"start":{"line":28,"column":0},"end":{"line":28,"column":34}},"23":{"start":{"line":33,"column":0},"end":{"line":33,"column":52}},"24":{"start":{"line":36,"column":0},"end":{"line":36,"column":39}},"25":{"start":{"line":39,"column":0},"end":{"line":39,"column":12}},"26":{"start":{"line":43,"column":0},"end":{"line":43,"column":30}},"27":{"start":{"line":44,"column":0},"end":{"line":44,"column":16}},"28":{"start":{"line":48,"column":0},"end":{"line":48,"column":48}},"29":{"start":{"line":49,"column":0},"end":{"line":49,"column":24}},"30":{"start":{"line":51,"column":0},"end":{"line":51,"column":23}},"31":{"start":{"line":53,"column":0},"end":{"line":53,"column":34}},"32":{"start":{"line":56,"column":0},"end":{"line":56,"column":35}},"33":{"start":{"line":59,"column":0},"end":{"line":66,"column":2}},"34":{"start":{"line":69,"column":0},"end":{"line":69,"column":31}},"35":{"start":{"line":70,"column":0},"end":{"line":70,"column":28}},"36":{"start":{"line":73,"column":0},"end":{"line":73,"column":17}},"37":{"start":{"line":75,"column":0},"end":{"line":75,"column":43}},"38":{"start":{"line":78,"column":0},"end":{"line":78,"column":24}},"39":{"start":{"line":79,"column":0},"end":{"line":79,"column":36}},"40":{"start":{"line":87,"column":0},"end":{"line":87,"column":25}},"41":{"start":{"line":88,"column":0},"end":{"line":88,"column":39}},"42":{"start":{"line":89,"column":0},"end":{"line":89,"column":45}},"43":{"start":{"line":90,"column":0},"end":{"line":90,"column":49}},"44":{"start":{"line":91,"column":0},"end":{"line":91,"column":56}},"45":{"start":{"line":92,"column":0},"end":{"line":92,"column":48}},"46":{"start":{"line":93,"column":0},"end":{"line":93,"column":61}},"47":{"start":{"line":94,"column":0},"end":{"line":94,"column":59}},"48":{"start":{"line":95,"column":0},"end":{"line":95,"column":55}},"49":{"start":{"line":104,"column":0},"end":{"line":106,"column":3}},"50":{"start":{"line":105,"column":2},"end":{"line":105,"column":57}},"51":{"start":{"line":109,"column":0},"end":{"line":109,"column":20}}},"fnMap":{"0":{"name":"(anonymous_0)","decl":{"start":{"line":104,"column":29},"end":{"line":104,"column":30}},"loc":{"start":{"line":104,"column":35},"end":{"line":106,"column":1}},"line":104}},"branchMap":{},"s":{"0":2,"1":2,"2":2,"3":2,"4":2,"5":2,"6":2,"7":2,"8":2,"9":2,"10":2,"11":2,"12":2,"13":2,"14":2,"15":2,"16":2,"17":2,"18":2,"19":2,"20":2,"21":2,"22":2,"23":2,"24":2,"25":2,"26":2,"27":2,"28":2,"29":2,"30":2,"31":2,"32":2,"33":2,"34":2,"35":2,"36":2,"37":2,"38":2,"39":2,"40":2,"41":2,"42":2,"43":2,"44":2,"45":2,"46":2,"47":2,"48":2,"49":2,"50":1,"51":2},"f":{"0":1},"b":{},"_coverageSchema":"1a1c01bbd47fc00a2c39e90264f33305004495a9","hash":"fbbb2a1fd785e5aa6b765a5d0ec043733b6d6711"}
,"/Users/kirstiehayes/Documents/emotionalise/config/database.js": {"path":"/Users/kirstiehayes/Documents/emotionalise/config/database.js","statementMap":{"0":{"start":{"line":1,"column":17},"end":{"line":1,"column":36}},"1":{"start":{"line":3,"column":18},"end":{"line":17,"column":1}},"2":{"start":{"line":5,"column":22},"end":{"line":7,"column":25}},"3":{"start":{"line":9,"column":2},"end":{"line":16,"column":3}},"4":{"start":{"line":10,"column":17},"end":{"line":10,"column":52}},"5":{"start":{"line":12,"column":4},"end":{"line":12,"column":90}},"6":{"start":{"line":14,"column":4},"end":{"line":14,"column":23}},"7":{"start":{"line":15,"column":4},"end":{"line":15,"column":20}},"8":{"start":{"line":19,"column":0},"end":{"line":19,"column":27}}},"fnMap":{"0":{"name":"(anonymous_0)","decl":{"start":{"line":3,"column":18},"end":{"line":3,"column":19}},"loc":{"start":{"line":3,"column":30},"end":{"line":17,"column":1}},"line":3}},"branchMap":{"0":{"loc":{"start":{"line":5,"column":22},"end":{"line":7,"column":25}},"type":"cond-expr","locations":[{"start":{"line":6,"column":4},"end":{"line":6,"column":32}},{"start":{"line":7,"column":4},"end":{"line":7,"column":25}}],"line":5}},"s":{"0":2,"1":2,"2":2,"3":2,"4":2,"5":2,"6":0,"7":0,"8":2},"f":{"0":2},"b":{"0":[2,0]},"_coverageSchema":"1a1c01bbd47fc00a2c39e90264f33305004495a9","hash":"d914f67bb705e6fe90dad20163a6e12e39d67d6b"}
,"/Users/kirstiehayes/Documents/emotionalise/config/passport.js": {"path":"/Users/kirstiehayes/Documents/emotionalise/config/passport.js","statementMap":{"0":{"start":{"line":1,"column":22},"end":{"line":1,"column":56}},"1":{"start":{"line":2,"column":17},"end":{"line":2,"column":36}},"2":{"start":{"line":3,"column":13},"end":{"line":3,"column":38}},"3":{"start":{"line":5,"column":0},"end":{"line":41,"column":2}},"4":{"start":{"line":6,"column":2},"end":{"line":32,"column":4}},"5":{"start":{"line":8,"column":6},"end":{"line":30,"column":9}},"6":{"start":{"line":9,"column":8},"end":{"line":11,"column":9}},"7":{"start":{"line":10,"column":10},"end":{"line":10,"column":27}},"8":{"start":{"line":12,"column":8},"end":{"line":14,"column":9}},"9":{"start":{"line":13,"column":10},"end":{"line":13,"column":73}},"10":{"start":{"line":15,"column":8},"end":{"line":20,"column":9}},"11":{"start":{"line":16,"column":10},"end":{"line":19,"column":13}},"12":{"start":{"line":21,"column":8},"end":{"line":29,"column":11}},"13":{"start":{"line":22,"column":10},"end":{"line":24,"column":11}},"14":{"start":{"line":23,"column":12},"end":{"line":23,"column":29}},"15":{"start":{"line":25,"column":10},"end":{"line":27,"column":11}},"16":{"start":{"line":26,"column":12},"end":{"line":26,"column":36}},"17":{"start":{"line":28,"column":10},"end":{"line":28,"column":74}},"18":{"start":{"line":34,"column":2},"end":{"line":36,"column":5}},"19":{"start":{"line":35,"column":4},"end":{"line":35,"column":24}},"20":{"start":{"line":38,"column":2},"end":{"line":40,"column":5}},"21":{"start":{"line":39,"column":4},"end":{"line":39,"column":54}},"22":{"start":{"line":39,"column":37},"end":{"line":39,"column":52}}},"fnMap":{"0":{"name":"(anonymous_0)","decl":{"start":{"line":5,"column":17},"end":{"line":5,"column":18}},"loc":{"start":{"line":5,"column":37},"end":{"line":41,"column":1}},"line":5},"1":{"name":"(anonymous_1)","decl":{"start":{"line":7,"column":50},"end":{"line":7,"column":51}},"loc":{"start":{"line":7,"column":77},"end":{"line":31,"column":5}},"line":7},"2":{"name":"(anonymous_2)","decl":{"start":{"line":8,"column":51},"end":{"line":8,"column":52}},"loc":{"start":{"line":8,"column":66},"end":{"line":30,"column":7}},"line":8},"3":{"name":"(anonymous_3)","decl":{"start":{"line":21,"column":39},"end":{"line":21,"column":40}},"loc":{"start":{"line":21,"column":57},"end":{"line":29,"column":9}},"line":21},"4":{"name":"(anonymous_4)","decl":{"start":{"line":34,"column":25},"end":{"line":34,"column":26}},"loc":{"start":{"line":34,"column":41},"end":{"line":36,"column":3}},"line":34},"5":{"name":"(anonymous_5)","decl":{"start":{"line":38,"column":27},"end":{"line":38,"column":28}},"loc":{"start":{"line":38,"column":41},"end":{"line":40,"column":3}},"line":38},"6":{"name":"(anonymous_6)","decl":{"start":{"line":39,"column":22},"end":{"line":39,"column":23}},"loc":{"start":{"line":39,"column":37},"end":{"line":39,"column":52}},"line":39}},"branchMap":{"0":{"loc":{"start":{"line":9,"column":8},"end":{"line":11,"column":9}},"type":"if","locations":[{"start":{"line":9,"column":8},"end":{"line":11,"column":9}},{"start":{},"end":{}}],"line":9},"1":{"loc":{"start":{"line":12,"column":8},"end":{"line":14,"column":9}},"type":"if","locations":[{"start":{"line":12,"column":8},"end":{"line":14,"column":9}},{"start":{},"end":{}}],"line":12},"2":{"loc":{"start":{"line":15,"column":8},"end":{"line":20,"column":9}},"type":"if","locations":[{"start":{"line":15,"column":8},"end":{"line":20,"column":9}},{"start":{},"end":{}}],"line":15},"3":{"loc":{"start":{"line":22,"column":10},"end":{"line":24,"column":11}},"type":"if","locations":[{"start":{"line":22,"column":10},"end":{"line":24,"column":11}},{"start":{},"end":{}}],"line":22},"4":{"loc":{"start":{"line":25,"column":10},"end":{"line":27,"column":11}},"type":"if","locations":[{"start":{"line":25,"column":10},"end":{"line":27,"column":11}},{"start":{},"end":{}}],"line":25}},"s":{"0":2,"1":2,"2":2,"3":2,"4":2,"5":0,"6":0,"7":0,"8":0,"9":0,"10":0,"11":0,"12":0,"13":0,"14":0,"15":0,"16":0,"17":0,"18":2,"19":0,"20":2,"21":0,"22":0},"f":{"0":2,"1":0,"2":0,"3":0,"4":0,"5":0,"6":0},"b":{"0":[0,0],"1":[0,0],"2":[0,0],"3":[0,0],"4":[0,0]},"_coverageSchema":"1a1c01bbd47fc00a2c39e90264f33305004495a9","hash":"17c0b6b108dabca969a5f0d7a8e3e0b670960115"}
,"/Users/kirstiehayes/Documents/emotionalise/controllers/auth.js": {"path":"/Users/kirstiehayes/Documents/emotionalise/controllers/auth.js","statementMap":{"0":{"start":{"line":1,"column":17},"end":{"line":1,"column":36}},"1":{"start":{"line":2,"column":18},"end":{"line":2,"column":38}},"2":{"start":{"line":3,"column":13},"end":{"line":3,"column":38}},"3":{"start":{"line":4,"column":17},"end":{"line":4,"column":46}},"4":{"start":{"line":7,"column":0},"end":{"line":15,"column":2}},"5":{"start":{"line":8,"column":2},"end":{"line":10,"column":3}},"6":{"start":{"line":9,"column":4},"end":{"line":9,"column":38}},"7":{"start":{"line":11,"column":2},"end":{"line":14,"column":5}},"8":{"start":{"line":17,"column":0},"end":{"line":48,"column":2}},"9":{"start":{"line":18,"column":27},"end":{"line":18,"column":29}},"10":{"start":{"line":19,"column":2},"end":{"line":20,"column":74}},"11":{"start":{"line":20,"column":4},"end":{"line":20,"column":74}},"12":{"start":{"line":21,"column":2},"end":{"line":22,"column":64}},"13":{"start":{"line":22,"column":4},"end":{"line":22,"column":64}},"14":{"start":{"line":24,"column":2},"end":{"line":27,"column":3}},"15":{"start":{"line":25,"column":4},"end":{"line":25,"column":42}},"16":{"start":{"line":26,"column":4},"end":{"line":26,"column":34}},"17":{"start":{"line":28,"column":2},"end":{"line":30,"column":5}},"18":{"start":{"line":32,"column":2},"end":{"line":47,"column":21}},"19":{"start":{"line":33,"column":4},"end":{"line":35,"column":5}},"20":{"start":{"line":34,"column":6},"end":{"line":34,"column":23}},"21":{"start":{"line":36,"column":4},"end":{"line":39,"column":5}},"22":{"start":{"line":37,"column":6},"end":{"line":37,"column":32}},"23":{"start":{"line":38,"column":6},"end":{"line":38,"column":36}},"24":{"start":{"line":40,"column":4},"end":{"line":46,"column":7}},"25":{"start":{"line":41,"column":6},"end":{"line":43,"column":7}},"26":{"start":{"line":42,"column":8},"end":{"line":42,"column":25}},"27":{"start":{"line":44,"column":6},"end":{"line":44,"column":67}},"28":{"start":{"line":45,"column":6},"end":{"line":45,"column":57}},"29":{"start":{"line":50,"column":0},"end":{"line":60,"column":2}},"30":{"start":{"line":51,"column":2},"end":{"line":53,"column":4}},"31":{"start":{"line":52,"column":4},"end":{"line":52,"column":39}},"32":{"start":{"line":54,"column":2},"end":{"line":59,"column":5}},"33":{"start":{"line":55,"column":4},"end":{"line":56,"column":79}},"34":{"start":{"line":56,"column":6},"end":{"line":56,"column":79}},"35":{"start":{"line":57,"column":4},"end":{"line":57,"column":20}},"36":{"start":{"line":58,"column":4},"end":{"line":58,"column":22}},"37":{"start":{"line":63,"column":0},"end":{"line":74,"column":2}},"38":{"start":{"line":64,"column":2},"end":{"line":66,"column":3}},"39":{"start":{"line":65,"column":4},"end":{"line":65,"column":38}},"40":{"start":{"line":69,"column":2},"end":{"line":73,"column":5}},"41":{"start":{"line":76,"column":0},"end":{"line":128,"column":2}},"42":{"start":{"line":77,"column":2},"end":{"line":77,"column":23}},"43":{"start":{"line":78,"column":27},"end":{"line":78,"column":29}},"44":{"start":{"line":79,"column":2},"end":{"line":80,"column":74}},"45":{"start":{"line":80,"column":4},"end":{"line":80,"column":74}},"46":{"start":{"line":81,"column":2},"end":{"line":84,"column":7}},"47":{"start":{"line":82,"column":4},"end":{"line":84,"column":7}},"48":{"start":{"line":85,"column":2},"end":{"line":86,"column":61}},"49":{"start":{"line":86,"column":4},"end":{"line":86,"column":61}},"50":{"start":{"line":88,"column":2},"end":{"line":91,"column":3}},"51":{"start":{"line":89,"column":4},"end":{"line":89,"column":42}},"52":{"start":{"line":90,"column":4},"end":{"line":90,"column":37}},"53":{"start":{"line":92,"column":2},"end":{"line":94,"column":5}},"54":{"start":{"line":96,"column":15},"end":{"line":101,"column":4}},"55":{"start":{"line":103,"column":2},"end":{"line":127,"column":4}},"56":{"start":{"line":106,"column":6},"end":{"line":108,"column":7}},"57":{"start":{"line":107,"column":8},"end":{"line":107,"column":25}},"58":{"start":{"line":109,"column":6},"end":{"line":114,"column":7}},"59":{"start":{"line":110,"column":8},"end":{"line":112,"column":11}},"60":{"start":{"line":113,"column":8},"end":{"line":113,"column":41}},"61":{"start":{"line":115,"column":6},"end":{"line":125,"column":9}},"62":{"start":{"line":116,"column":8},"end":{"line":118,"column":9}},"63":{"start":{"line":117,"column":10},"end":{"line":117,"column":27}},"64":{"start":{"line":119,"column":8},"end":{"line":124,"column":11}},"65":{"start":{"line":120,"column":10},"end":{"line":122,"column":11}},"66":{"start":{"line":121,"column":12},"end":{"line":121,"column":29}},"67":{"start":{"line":123,"column":10},"end":{"line":123,"column":37}}},"fnMap":{"0":{"name":"(anonymous_0)","decl":{"start":{"line":7,"column":19},"end":{"line":7,"column":20}},"loc":{"start":{"line":7,"column":33},"end":{"line":15,"column":1}},"line":7},"1":{"name":"(anonymous_1)","decl":{"start":{"line":17,"column":20},"end":{"line":17,"column":21}},"loc":{"start":{"line":17,"column":40},"end":{"line":48,"column":1}},"line":17},"2":{"name":"(anonymous_2)","decl":{"start":{"line":32,"column":33},"end":{"line":32,"column":34}},"loc":{"start":{"line":32,"column":54},"end":{"line":47,"column":3}},"line":32},"3":{"name":"(anonymous_3)","decl":{"start":{"line":40,"column":20},"end":{"line":40,"column":21}},"loc":{"start":{"line":40,"column":29},"end":{"line":46,"column":5}},"line":40},"4":{"name":"(anonymous_4)","decl":{"start":{"line":50,"column":17},"end":{"line":50,"column":18}},"loc":{"start":{"line":50,"column":31},"end":{"line":60,"column":1}},"line":50},"5":{"name":"(anonymous_5)","decl":{"start":{"line":51,"column":13},"end":{"line":51,"column":14}},"loc":{"start":{"line":51,"column":19},"end":{"line":53,"column":3}},"line":51},"6":{"name":"(anonymous_6)","decl":{"start":{"line":54,"column":22},"end":{"line":54,"column":23}},"loc":{"start":{"line":54,"column":31},"end":{"line":59,"column":3}},"line":54},"7":{"name":"(anonymous_7)","decl":{"start":{"line":63,"column":20},"end":{"line":63,"column":21}},"loc":{"start":{"line":63,"column":34},"end":{"line":74,"column":1}},"line":63},"8":{"name":"(anonymous_8)","decl":{"start":{"line":76,"column":21},"end":{"line":76,"column":22}},"loc":{"start":{"line":76,"column":41},"end":{"line":128,"column":1}},"line":76},"9":{"name":"(anonymous_9)","decl":{"start":{"line":105,"column":4},"end":{"line":105,"column":5}},"loc":{"start":{"line":105,"column":27},"end":{"line":126,"column":5}},"line":105},"10":{"name":"(anonymous_10)","decl":{"start":{"line":115,"column":16},"end":{"line":115,"column":17}},"loc":{"start":{"line":115,"column":25},"end":{"line":125,"column":7}},"line":115},"11":{"name":"(anonymous_11)","decl":{"start":{"line":119,"column":24},"end":{"line":119,"column":25}},"loc":{"start":{"line":119,"column":33},"end":{"line":124,"column":9}},"line":119}},"branchMap":{"0":{"loc":{"start":{"line":8,"column":2},"end":{"line":10,"column":3}},"type":"if","locations":[{"start":{"line":8,"column":2},"end":{"line":10,"column":3}},{"start":{},"end":{}}],"line":8},"1":{"loc":{"start":{"line":19,"column":2},"end":{"line":20,"column":74}},"type":"if","locations":[{"start":{"line":19,"column":2},"end":{"line":20,"column":74}},{"start":{},"end":{}}],"line":19},"2":{"loc":{"start":{"line":21,"column":2},"end":{"line":22,"column":64}},"type":"if","locations":[{"start":{"line":21,"column":2},"end":{"line":22,"column":64}},{"start":{},"end":{}}],"line":21},"3":{"loc":{"start":{"line":24,"column":2},"end":{"line":27,"column":3}},"type":"if","locations":[{"start":{"line":24,"column":2},"end":{"line":27,"column":3}},{"start":{},"end":{}}],"line":24},"4":{"loc":{"start":{"line":33,"column":4},"end":{"line":35,"column":5}},"type":"if","locations":[{"start":{"line":33,"column":4},"end":{"line":35,"column":5}},{"start":{},"end":{}}],"line":33},"5":{"loc":{"start":{"line":36,"column":4},"end":{"line":39,"column":5}},"type":"if","locations":[{"start":{"line":36,"column":4},"end":{"line":39,"column":5}},{"start":{},"end":{}}],"line":36},"6":{"loc":{"start":{"line":41,"column":6},"end":{"line":43,"column":7}},"type":"if","locations":[{"start":{"line":41,"column":6},"end":{"line":43,"column":7}},{"start":{},"end":{}}],"line":41},"7":{"loc":{"start":{"line":45,"column":19},"end":{"line":45,"column":55}},"type":"binary-expr","locations":[{"start":{"line":45,"column":19},"end":{"line":45,"column":39}},{"start":{"line":45,"column":43},"end":{"line":45,"column":55}}],"line":45},"8":{"loc":{"start":{"line":55,"column":4},"end":{"line":56,"column":79}},"type":"if","locations":[{"start":{"line":55,"column":4},"end":{"line":56,"column":79}},{"start":{},"end":{}}],"line":55},"9":{"loc":{"start":{"line":64,"column":2},"end":{"line":66,"column":3}},"type":"if","locations":[{"start":{"line":64,"column":2},"end":{"line":66,"column":3}},{"start":{},"end":{}}],"line":64},"10":{"loc":{"start":{"line":79,"column":2},"end":{"line":80,"column":74}},"type":"if","locations":[{"start":{"line":79,"column":2},"end":{"line":80,"column":74}},{"start":{},"end":{}}],"line":79},"11":{"loc":{"start":{"line":81,"column":2},"end":{"line":84,"column":7}},"type":"if","locations":[{"start":{"line":81,"column":2},"end":{"line":84,"column":7}},{"start":{},"end":{}}],"line":81},"12":{"loc":{"start":{"line":85,"column":2},"end":{"line":86,"column":61}},"type":"if","locations":[{"start":{"line":85,"column":2},"end":{"line":86,"column":61}},{"start":{},"end":{}}],"line":85},"13":{"loc":{"start":{"line":88,"column":2},"end":{"line":91,"column":3}},"type":"if","locations":[{"start":{"line":88,"column":2},"end":{"line":91,"column":3}},{"start":{},"end":{}}],"line":88},"14":{"loc":{"start":{"line":106,"column":6},"end":{"line":108,"column":7}},"type":"if","locations":[{"start":{"line":106,"column":6},"end":{"line":108,"column":7}},{"start":{},"end":{}}],"line":106},"15":{"loc":{"start":{"line":109,"column":6},"end":{"line":114,"column":7}},"type":"if","locations":[{"start":{"line":109,"column":6},"end":{"line":114,"column":7}},{"start":{},"end":{}}],"line":109},"16":{"loc":{"start":{"line":116,"column":8},"end":{"line":118,"column":9}},"type":"if","locations":[{"start":{"line":116,"column":8},"end":{"line":118,"column":9}},{"start":{},"end":{}}],"line":116},"17":{"loc":{"start":{"line":120,"column":10},"end":{"line":122,"column":11}},"type":"if","locations":[{"start":{"line":120,"column":10},"end":{"line":122,"column":11}},{"start":{},"end":{}}],"line":120}},"s":{"0":2,"1":2,"2":2,"3":2,"4":2,"5":0,"6":0,"7":0,"8":2,"9":0,"10":0,"11":0,"12":0,"13":0,"14":0,"15":0,"16":0,"17":0,"18":0,"19":0,"20":0,"21":0,"22":0,"23":0,"24":0,"25":0,"26":0,"27":0,"28":0,"29":2,"30":0,"31":0,"32":0,"33":0,"34":0,"35":0,"36":0,"37":2,"38":0,"39":0,"40":0,"41":2,"42":0,"43":0,"44":0,"45":0,"46":0,"47":0,"48":0,"49":0,"50":0,"51":0,"52":0,"53":0,"54":0,"55":0,"56":0,"57":0,"58":0,"59":0,"60":0,"61":0,"62":0,"63":0,"64":0,"65":0,"66":0,"67":0},"f":{"0":0,"1":0,"2":0,"3":0,"4":0,"5":0,"6":0,"7":0,"8":0,"9":0,"10":0,"11":0},"b":{"0":[0,0],"1":[0,0],"2":[0,0],"3":[0,0],"4":[0,0],"5":[0,0],"6":[0,0],"7":[0,0],"8":[0,0],"9":[0,0],"10":[0,0],"11":[0,0],"12":[0,0],"13":[0,0],"14":[0,0],"15":[0,0],"16":[0,0],"17":[0,0]},"_coverageSchema":"1a1c01bbd47fc00a2c39e90264f33305004495a9","hash":"8bf0bbfe13680d18d1e873fe74bc0a40bca50429"}
,"/Users/kirstiehayes/Documents/emotionalise/controllers/bookmarkController.js": {"path":"/Users/kirstiehayes/Documents/emotionalise/controllers/bookmarkController.js","statementMap":{"0":{"start":{"line":1,"column":21},"end":{"line":1,"column":50}},"1":{"start":{"line":2,"column":20},"end":{"line":2,"column":45}},"2":{"start":{"line":3,"column":26},"end":{"line":3,"column":58}},"3":{"start":{"line":6,"column":2},"end":{"line":6,"column":70}},"4":{"start":{"line":9,"column":0},"end":{"line":142,"column":2}},"5":{"start":{"line":11,"column":4},"end":{"line":25,"column":5}},"6":{"start":{"line":12,"column":23},"end":{"line":17,"column":7}},"7":{"start":{"line":18,"column":6},"end":{"line":18,"column":32}},"8":{"start":{"line":19,"column":6},"end":{"line":19,"column":75}},"9":{"start":{"line":20,"column":6},"end":{"line":22,"column":8}},"10":{"start":{"line":24,"column":6},"end":{"line":24,"column":30}},"11":{"start":{"line":29,"column":4},"end":{"line":46,"column":5}},"12":{"start":{"line":30,"column":24},"end":{"line":37,"column":7}},"13":{"start":{"line":39,"column":6},"end":{"line":39,"column":43}},"14":{"start":{"line":41,"column":6},"end":{"line":41,"column":61}},"15":{"start":{"line":45,"column":6},"end":{"line":45,"column":30}},"16":{"start":{"line":50,"column":4},"end":{"line":59,"column":5}},"17":{"start":{"line":51,"column":26},"end":{"line":54,"column":7}},"18":{"start":{"line":55,"column":6},"end":{"line":55,"column":34}},"19":{"start":{"line":56,"column":6},"end":{"line":56,"column":61}},"20":{"start":{"line":58,"column":6},"end":{"line":58,"column":30}},"21":{"start":{"line":62,"column":4},"end":{"line":76,"column":5}},"22":{"start":{"line":63,"column":26},"end":{"line":68,"column":7}},"23":{"start":{"line":69,"column":6},"end":{"line":69,"column":32}},"24":{"start":{"line":70,"column":6},"end":{"line":70,"column":75}},"25":{"start":{"line":71,"column":6},"end":{"line":73,"column":8}},"26":{"start":{"line":75,"column":6},"end":{"line":75,"column":30}},"27":{"start":{"line":79,"column":4},"end":{"line":90,"column":5}},"28":{"start":{"line":80,"column":23},"end":{"line":85,"column":7}},"29":{"start":{"line":86,"column":6},"end":{"line":86,"column":34}},"30":{"start":{"line":87,"column":6},"end":{"line":87,"column":71}},"31":{"start":{"line":89,"column":6},"end":{"line":89,"column":30}},"32":{"start":{"line":93,"column":4},"end":{"line":104,"column":5}},"33":{"start":{"line":94,"column":26},"end":{"line":99,"column":7}},"34":{"start":{"line":100,"column":6},"end":{"line":100,"column":34}},"35":{"start":{"line":101,"column":6},"end":{"line":101,"column":51}},"36":{"start":{"line":103,"column":6},"end":{"line":103,"column":30}},"37":{"start":{"line":108,"column":4},"end":{"line":140,"column":5}},"38":{"start":{"line":109,"column":23},"end":{"line":111,"column":8}},"39":{"start":{"line":112,"column":26},"end":{"line":114,"column":8}},"40":{"start":{"line":116,"column":25},"end":{"line":118,"column":8}},"41":{"start":{"line":120,"column":24},"end":{"line":122,"column":37}},"42":{"start":{"line":124,"column":23},"end":{"line":126,"column":55}},"43":{"start":{"line":128,"column":6},"end":{"line":137,"column":9}},"44":{"start":{"line":139,"column":6},"end":{"line":139,"column":30}}},"fnMap":{"0":{"name":"errorHandling","decl":{"start":{"line":5,"column":9},"end":{"line":5,"column":22}},"loc":{"start":{"line":5,"column":35},"end":{"line":7,"column":1}},"line":5},"1":{"name":"(anonymous_1)","decl":{"start":{"line":10,"column":15},"end":{"line":10,"column":16}},"loc":{"start":{"line":10,"column":35},"end":{"line":26,"column":3}},"line":10},"2":{"name":"(anonymous_2)","decl":{"start":{"line":28,"column":24},"end":{"line":28,"column":25}},"loc":{"start":{"line":28,"column":44},"end":{"line":47,"column":3}},"line":28},"3":{"name":"(anonymous_3)","decl":{"start":{"line":49,"column":27},"end":{"line":49,"column":28}},"loc":{"start":{"line":49,"column":47},"end":{"line":60,"column":3}},"line":49},"4":{"name":"(anonymous_4)","decl":{"start":{"line":61,"column":25},"end":{"line":61,"column":26}},"loc":{"start":{"line":61,"column":45},"end":{"line":77,"column":3}},"line":61},"5":{"name":"(anonymous_5)","decl":{"start":{"line":78,"column":18},"end":{"line":78,"column":19}},"loc":{"start":{"line":78,"column":38},"end":{"line":91,"column":3}},"line":78},"6":{"name":"(anonymous_6)","decl":{"start":{"line":92,"column":28},"end":{"line":92,"column":29}},"loc":{"start":{"line":92,"column":48},"end":{"line":105,"column":3}},"line":92},"7":{"name":"(anonymous_7)","decl":{"start":{"line":107,"column":17},"end":{"line":107,"column":18}},"loc":{"start":{"line":107,"column":37},"end":{"line":141,"column":3}},"line":107}},"branchMap":{"0":{"loc":{"start":{"line":6,"column":34},"end":{"line":6,"column":66}},"type":"binary-expr","locations":[{"start":{"line":6,"column":34},"end":{"line":6,"column":47}},{"start":{"line":6,"column":51},"end":{"line":6,"column":66}}],"line":6}},"s":{"0":2,"1":2,"2":2,"3":0,"4":2,"5":0,"6":0,"7":0,"8":0,"9":0,"10":0,"11":0,"12":0,"13":0,"14":0,"15":0,"16":0,"17":0,"18":0,"19":0,"20":0,"21":0,"22":0,"23":0,"24":0,"25":0,"26":0,"27":0,"28":0,"29":0,"30":0,"31":0,"32":0,"33":0,"34":0,"35":0,"36":0,"37":0,"38":0,"39":0,"40":0,"41":0,"42":0,"43":0,"44":0},"f":{"0":0,"1":0,"2":0,"3":0,"4":0,"5":0,"6":0,"7":0},"b":{"0":[0,0]},"_coverageSchema":"1a1c01bbd47fc00a2c39e90264f33305004495a9","hash":"2575eb80995d9fb9a42c37bcd87b98d49a4a7fd1"}
,"/Users/kirstiehayes/Documents/emotionalise/controllers/commentsController.js": {"path":"/Users/kirstiehayes/Documents/emotionalise/controllers/commentsController.js","statementMap":{"0":{"start":{"line":1,"column":17},"end":{"line":1,"column":46}},"1":{"start":{"line":2,"column":20},"end":{"line":2,"column":45}},"2":{"start":{"line":3,"column":21},"end":{"line":3,"column":50}},"3":{"start":{"line":4,"column":20},"end":{"line":4,"column":52}},"4":{"start":{"line":7,"column":2},"end":{"line":7,"column":70}},"5":{"start":{"line":10,"column":0},"end":{"line":69,"column":2}},"6":{"start":{"line":12,"column":4},"end":{"line":22,"column":5}},"7":{"start":{"line":13,"column":22},"end":{"line":18,"column":8}},"8":{"start":{"line":19,"column":6},"end":{"line":19,"column":69}},"9":{"start":{"line":21,"column":6},"end":{"line":21,"column":23}},"10":{"start":{"line":25,"column":4},"end":{"line":34,"column":5}},"11":{"start":{"line":26,"column":22},"end":{"line":30,"column":8}},"12":{"start":{"line":31,"column":6},"end":{"line":31,"column":64}},"13":{"start":{"line":33,"column":6},"end":{"line":33,"column":23}},"14":{"start":{"line":38,"column":4},"end":{"line":50,"column":5}},"15":{"start":{"line":39,"column":6},"end":{"line":39,"column":31}},"16":{"start":{"line":40,"column":6},"end":{"line":45,"column":8}},"17":{"start":{"line":46,"column":6},"end":{"line":46,"column":30}},"18":{"start":{"line":47,"column":6},"end":{"line":47,"column":61}},"19":{"start":{"line":49,"column":6},"end":{"line":49,"column":23}},"20":{"start":{"line":54,"column":4},"end":{"line":67,"column":5}},"21":{"start":{"line":55,"column":6},"end":{"line":55,"column":31}},"22":{"start":{"line":56,"column":6},"end":{"line":61,"column":8}},"23":{"start":{"line":63,"column":6},"end":{"line":63,"column":30}},"24":{"start":{"line":64,"column":6},"end":{"line":64,"column":64}},"25":{"start":{"line":66,"column":6},"end":{"line":66,"column":23}}},"fnMap":{"0":{"name":"errorHandling","decl":{"start":{"line":6,"column":9},"end":{"line":6,"column":22}},"loc":{"start":{"line":6,"column":35},"end":{"line":8,"column":1}},"line":6},"1":{"name":"(anonymous_1)","decl":{"start":{"line":11,"column":25},"end":{"line":11,"column":26}},"loc":{"start":{"line":11,"column":45},"end":{"line":23,"column":3}},"line":11},"2":{"name":"(anonymous_2)","decl":{"start":{"line":24,"column":28},"end":{"line":24,"column":29}},"loc":{"start":{"line":24,"column":48},"end":{"line":35,"column":3}},"line":24},"3":{"name":"(anonymous_3)","decl":{"start":{"line":37,"column":22},"end":{"line":37,"column":23}},"loc":{"start":{"line":37,"column":42},"end":{"line":51,"column":3}},"line":37},"4":{"name":"(anonymous_4)","decl":{"start":{"line":53,"column":25},"end":{"line":53,"column":26}},"loc":{"start":{"line":53,"column":45},"end":{"line":68,"column":3}},"line":53}},"branchMap":{"0":{"loc":{"start":{"line":7,"column":34},"end":{"line":7,"column":66}},"type":"binary-expr","locations":[{"start":{"line":7,"column":34},"end":{"line":7,"column":47}},{"start":{"line":7,"column":51},"end":{"line":7,"column":66}}],"line":7}},"s":{"0":2,"1":2,"2":2,"3":2,"4":0,"5":2,"6":0,"7":0,"8":0,"9":0,"10":0,"11":0,"12":0,"13":0,"14":0,"15":0,"16":0,"17":0,"18":0,"19":0,"20":0,"21":0,"22":0,"23":0,"24":0,"25":0},"f":{"0":0,"1":0,"2":0,"3":0,"4":0},"b":{"0":[0,0]},"_coverageSchema":"1a1c01bbd47fc00a2c39e90264f33305004495a9","hash":"e8ba1cc64fc8b68536bd445100df8b7033ca6359"}
,"/Users/kirstiehayes/Documents/emotionalise/controllers/communityController.js": {"path":"/Users/kirstiehayes/Documents/emotionalise/controllers/communityController.js","statementMap":{"0":{"start":{"line":1,"column":21},"end":{"line":1,"column":50}},"1":{"start":{"line":2,"column":20},"end":{"line":2,"column":45}},"2":{"start":{"line":3,"column":23},"end":{"line":3,"column":52}},"3":{"start":{"line":5,"column":27},"end":{"line":5,"column":59}},"4":{"start":{"line":8,"column":2},"end":{"line":8,"column":70}},"5":{"start":{"line":11,"column":0},"end":{"line":161,"column":2}},"6":{"start":{"line":13,"column":4},"end":{"line":25,"column":5}},"7":{"start":{"line":14,"column":20},"end":{"line":14,"column":44}},"8":{"start":{"line":16,"column":19},"end":{"line":16,"column":54}},"9":{"start":{"line":17,"column":6},"end":{"line":22,"column":9}},"10":{"start":{"line":24,"column":6},"end":{"line":24,"column":23}},"11":{"start":{"line":28,"column":4},"end":{"line":61,"column":5}},"12":{"start":{"line":29,"column":23},"end":{"line":29,"column":57}},"13":{"start":{"line":33,"column":20},"end":{"line":33,"column":62}},"14":{"start":{"line":34,"column":25},"end":{"line":34,"column":74}},"15":{"start":{"line":36,"column":23},"end":{"line":36,"column":71}},"16":{"start":{"line":37,"column":27},"end":{"line":37,"column":62}},"17":{"start":{"line":38,"column":22},"end":{"line":40,"column":61}},"18":{"start":{"line":41,"column":28},"end":{"line":43,"column":61}},"19":{"start":{"line":45,"column":6},"end":{"line":58,"column":9}},"20":{"start":{"line":60,"column":6},"end":{"line":60,"column":23}},"21":{"start":{"line":65,"column":4},"end":{"line":77,"column":5}},"22":{"start":{"line":66,"column":6},"end":{"line":66,"column":31}},"23":{"start":{"line":67,"column":6},"end":{"line":72,"column":8}},"24":{"start":{"line":73,"column":6},"end":{"line":73,"column":30}},"25":{"start":{"line":74,"column":6},"end":{"line":74,"column":61}},"26":{"start":{"line":76,"column":6},"end":{"line":76,"column":23}},"27":{"start":{"line":80,"column":4},"end":{"line":92,"column":5}},"28":{"start":{"line":81,"column":6},"end":{"line":81,"column":31}},"29":{"start":{"line":82,"column":6},"end":{"line":87,"column":8}},"30":{"start":{"line":88,"column":6},"end":{"line":88,"column":30}},"31":{"start":{"line":89,"column":6},"end":{"line":89,"column":64}},"32":{"start":{"line":91,"column":6},"end":{"line":91,"column":23}},"33":{"start":{"line":96,"column":4},"end":{"line":130,"column":5}},"34":{"start":{"line":97,"column":26},"end":{"line":99,"column":15}},"35":{"start":{"line":100,"column":20},"end":{"line":100,"column":44}},"36":{"start":{"line":101,"column":23},"end":{"line":101,"column":57}},"37":{"start":{"line":102,"column":27},"end":{"line":102,"column":62}},"38":{"start":{"line":103,"column":23},"end":{"line":105,"column":61}},"39":{"start":{"line":106,"column":22},"end":{"line":108,"column":61}},"40":{"start":{"line":109,"column":25},"end":{"line":109,"column":74}},"41":{"start":{"line":110,"column":28},"end":{"line":112,"column":61}},"42":{"start":{"line":113,"column":6},"end":{"line":127,"column":9}},"43":{"start":{"line":129,"column":6},"end":{"line":129,"column":23}},"44":{"start":{"line":134,"column":4},"end":{"line":145,"column":5}},"45":{"start":{"line":135,"column":23},"end":{"line":140,"column":7}},"46":{"start":{"line":141,"column":6},"end":{"line":141,"column":61}},"47":{"start":{"line":143,"column":6},"end":{"line":143,"column":23}},"48":{"start":{"line":144,"column":6},"end":{"line":144,"column":30}},"49":{"start":{"line":148,"column":4},"end":{"line":159,"column":5}},"50":{"start":{"line":149,"column":26},"end":{"line":154,"column":7}},"51":{"start":{"line":155,"column":6},"end":{"line":155,"column":64}},"52":{"start":{"line":157,"column":6},"end":{"line":157,"column":23}},"53":{"start":{"line":158,"column":6},"end":{"line":158,"column":30}}},"fnMap":{"0":{"name":"errorHandling","decl":{"start":{"line":7,"column":9},"end":{"line":7,"column":22}},"loc":{"start":{"line":7,"column":35},"end":{"line":9,"column":1}},"line":7},"1":{"name":"(anonymous_1)","decl":{"start":{"line":12,"column":16},"end":{"line":12,"column":17}},"loc":{"start":{"line":12,"column":36},"end":{"line":26,"column":3}},"line":12},"2":{"name":"(anonymous_2)","decl":{"start":{"line":27,"column":19},"end":{"line":27,"column":20}},"loc":{"start":{"line":27,"column":39},"end":{"line":62,"column":3}},"line":27},"3":{"name":"(anonymous_3)","decl":{"start":{"line":64,"column":12},"end":{"line":64,"column":13}},"loc":{"start":{"line":64,"column":32},"end":{"line":78,"column":3}},"line":64},"4":{"name":"(anonymous_4)","decl":{"start":{"line":79,"column":23},"end":{"line":79,"column":24}},"loc":{"start":{"line":79,"column":43},"end":{"line":93,"column":3}},"line":79},"5":{"name":"(anonymous_5)","decl":{"start":{"line":95,"column":23},"end":{"line":95,"column":24}},"loc":{"start":{"line":95,"column":43},"end":{"line":131,"column":3}},"line":95},"6":{"name":"(anonymous_6)","decl":{"start":{"line":133,"column":14},"end":{"line":133,"column":15}},"loc":{"start":{"line":133,"column":34},"end":{"line":146,"column":3}},"line":133},"7":{"name":"(anonymous_7)","decl":{"start":{"line":147,"column":25},"end":{"line":147,"column":26}},"loc":{"start":{"line":147,"column":45},"end":{"line":160,"column":3}},"line":147}},"branchMap":{"0":{"loc":{"start":{"line":8,"column":34},"end":{"line":8,"column":66}},"type":"binary-expr","locations":[{"start":{"line":8,"column":34},"end":{"line":8,"column":47}},{"start":{"line":8,"column":51},"end":{"line":8,"column":66}}],"line":8}},"s":{"0":2,"1":2,"2":2,"3":2,"4":0,"5":2,"6":0,"7":0,"8":0,"9":0,"10":0,"11":0,"12":0,"13":0,"14":0,"15":0,"16":0,"17":0,"18":0,"19":0,"20":0,"21":0,"22":0,"23":0,"24":0,"25":0,"26":0,"27":0,"28":0,"29":0,"30":0,"31":0,"32":0,"33":0,"34":0,"35":0,"36":0,"37":0,"38":0,"39":0,"40":0,"41":0,"42":0,"43":0,"44":0,"45":0,"46":0,"47":0,"48":0,"49":0,"50":0,"51":0,"52":0,"53":0},"f":{"0":0,"1":0,"2":0,"3":0,"4":0,"5":0,"6":0,"7":0},"b":{"0":[0,0]},"_coverageSchema":"1a1c01bbd47fc00a2c39e90264f33305004495a9","hash":"4724ca3043e9e0d2f8cd6179dad4aaccd4894f12"}
,"/Users/kirstiehayes/Documents/emotionalise/controllers/dashController.js": {"path":"/Users/kirstiehayes/Documents/emotionalise/controllers/dashController.js","statementMap":{"0":{"start":{"line":1,"column":21},"end":{"line":1,"column":50}},"1":{"start":{"line":2,"column":20},"end":{"line":2,"column":45}},"2":{"start":{"line":3,"column":26},"end":{"line":3,"column":58}},"3":{"start":{"line":6,"column":15},"end":{"line":6,"column":45}},"4":{"start":{"line":9,"column":2},"end":{"line":9,"column":54}},"5":{"start":{"line":12,"column":0},"end":{"line":119,"column":2}},"6":{"start":{"line":14,"column":4},"end":{"line":42,"column":5}},"7":{"start":{"line":15,"column":23},"end":{"line":17,"column":26}},"8":{"start":{"line":18,"column":6},"end":{"line":18,"column":47}},"9":{"start":{"line":19,"column":20},"end":{"line":19,"column":44}},"10":{"start":{"line":20,"column":26},"end":{"line":23,"column":8}},"11":{"start":{"line":26,"column":32},"end":{"line":26,"column":75}},"12":{"start":{"line":26,"column":55},"end":{"line":26,"column":74}},"13":{"start":{"line":27,"column":19},"end":{"line":27,"column":42}},"14":{"start":{"line":28,"column":22},"end":{"line":28,"column":48}},"15":{"start":{"line":29,"column":6},"end":{"line":39,"column":9}},"16":{"start":{"line":41,"column":6},"end":{"line":41,"column":23}},"17":{"start":{"line":45,"column":4},"end":{"line":55,"column":5}},"18":{"start":{"line":48,"column":19},"end":{"line":50,"column":17}},"19":{"start":{"line":52,"column":6},"end":{"line":52,"column":21}},"20":{"start":{"line":54,"column":6},"end":{"line":54,"column":23}},"21":{"start":{"line":58,"column":4},"end":{"line":58,"column":26}},"22":{"start":{"line":59,"column":4},"end":{"line":67,"column":5}},"23":{"start":{"line":60,"column":6},"end":{"line":64,"column":9}},"24":{"start":{"line":66,"column":6},"end":{"line":66,"column":23}},"25":{"start":{"line":70,"column":4},"end":{"line":89,"column":5}},"26":{"start":{"line":71,"column":26},"end":{"line":71,"column":27}},"27":{"start":{"line":72,"column":20},"end":{"line":74,"column":27}},"28":{"start":{"line":75,"column":23},"end":{"line":77,"column":27}},"29":{"start":{"line":78,"column":19},"end":{"line":80,"column":27}},"30":{"start":{"line":81,"column":23},"end":{"line":81,"column":48}},"31":{"start":{"line":82,"column":6},"end":{"line":86,"column":9}},"32":{"start":{"line":88,"column":6},"end":{"line":88,"column":32}},"33":{"start":{"line":92,"column":4},"end":{"line":92,"column":55}},"34":{"start":{"line":93,"column":4},"end":{"line":103,"column":5}},"35":{"start":{"line":94,"column":6},"end":{"line":96,"column":9}},"36":{"start":{"line":97,"column":6},"end":{"line":97,"column":73}},"37":{"start":{"line":99,"column":6},"end":{"line":99,"column":47}},"38":{"start":{"line":102,"column":6},"end":{"line":102,"column":23}},"39":{"start":{"line":106,"column":4},"end":{"line":106,"column":55}},"40":{"start":{"line":107,"column":4},"end":{"line":117,"column":5}},"41":{"start":{"line":108,"column":6},"end":{"line":110,"column":9}},"42":{"start":{"line":112,"column":6},"end":{"line":112,"column":75}},"43":{"start":{"line":114,"column":6},"end":{"line":114,"column":47}},"44":{"start":{"line":116,"column":6},"end":{"line":116,"column":23}}},"fnMap":{"0":{"name":"getRandomQuotes","decl":{"start":{"line":8,"column":9},"end":{"line":8,"column":24}},"loc":{"start":{"line":8,"column":35},"end":{"line":10,"column":1}},"line":8},"1":{"name":"(anonymous_1)","decl":{"start":{"line":13,"column":16},"end":{"line":13,"column":17}},"loc":{"start":{"line":13,"column":36},"end":{"line":43,"column":3}},"line":13},"2":{"name":"(anonymous_2)","decl":{"start":{"line":26,"column":49},"end":{"line":26,"column":50}},"loc":{"start":{"line":26,"column":55},"end":{"line":26,"column":74}},"line":26},"3":{"name":"(anonymous_3)","decl":{"start":{"line":44,"column":16},"end":{"line":44,"column":17}},"loc":{"start":{"line":44,"column":36},"end":{"line":56,"column":3}},"line":44},"4":{"name":"(anonymous_4)","decl":{"start":{"line":57,"column":21},"end":{"line":57,"column":22}},"loc":{"start":{"line":57,"column":41},"end":{"line":68,"column":3}},"line":57},"5":{"name":"(anonymous_5)","decl":{"start":{"line":69,"column":21},"end":{"line":69,"column":22}},"loc":{"start":{"line":69,"column":41},"end":{"line":90,"column":3}},"line":69},"6":{"name":"(anonymous_6)","decl":{"start":{"line":91,"column":16},"end":{"line":91,"column":17}},"loc":{"start":{"line":91,"column":36},"end":{"line":104,"column":3}},"line":91},"7":{"name":"(anonymous_7)","decl":{"start":{"line":105,"column":13},"end":{"line":105,"column":14}},"loc":{"start":{"line":105,"column":33},"end":{"line":118,"column":3}},"line":105}},"branchMap":{},"s":{"0":2,"1":2,"2":2,"3":2,"4":0,"5":2,"6":0,"7":0,"8":0,"9":0,"10":0,"11":0,"12":0,"13":0,"14":0,"15":0,"16":0,"17":0,"18":0,"19":0,"20":0,"21":0,"22":0,"23":0,"24":0,"25":0,"26":0,"27":0,"28":0,"29":0,"30":0,"31":0,"32":0,"33":0,"34":0,"35":0,"36":0,"37":0,"38":0,"39":0,"40":0,"41":0,"42":0,"43":0,"44":0},"f":{"0":0,"1":0,"2":0,"3":0,"4":0,"5":0,"6":0,"7":0},"b":{},"_coverageSchema":"1a1c01bbd47fc00a2c39e90264f33305004495a9","hash":"2360d6357b7a240ed90a854f2ce933e58977b1ed"}
,"/Users/kirstiehayes/Documents/emotionalise/controllers/homeController.js": {"path":"/Users/kirstiehayes/Documents/emotionalise/controllers/homeController.js","statementMap":{"0":{"start":{"line":10,"column":2},"end":{"line":10,"column":70}},"1":{"start":{"line":22,"column":0},"end":{"line":32,"column":2}},"2":{"start":{"line":24,"column":4},"end":{"line":24,"column":26}},"3":{"start":{"line":25,"column":4},"end":{"line":30,"column":5}},"4":{"start":{"line":26,"column":6},"end":{"line":26,"column":25}},"5":{"start":{"line":29,"column":6},"end":{"line":29,"column":23}}},"fnMap":{"0":{"name":"errorHandling","decl":{"start":{"line":9,"column":9},"end":{"line":9,"column":22}},"loc":{"start":{"line":9,"column":35},"end":{"line":11,"column":1}},"line":9},"1":{"name":"(anonymous_1)","decl":{"start":{"line":23,"column":12},"end":{"line":23,"column":13}},"loc":{"start":{"line":23,"column":32},"end":{"line":31,"column":3}},"line":23}},"branchMap":{"0":{"loc":{"start":{"line":10,"column":34},"end":{"line":10,"column":66}},"type":"binary-expr","locations":[{"start":{"line":10,"column":34},"end":{"line":10,"column":47}},{"start":{"line":10,"column":51},"end":{"line":10,"column":66}}],"line":10}},"s":{"0":0,"1":2,"2":1,"3":1,"4":1,"5":0},"f":{"0":0,"1":1},"b":{"0":[0,0]},"_coverageSchema":"1a1c01bbd47fc00a2c39e90264f33305004495a9","hash":"f12a5947fc05a70e064185039143a00d6ba96273"}
,"/Users/kirstiehayes/Documents/emotionalise/controllers/motivationsController.js": {"path":"/Users/kirstiehayes/Documents/emotionalise/controllers/motivationsController.js","statementMap":{"0":{"start":{"line":1,"column":19},"end":{"line":1,"column":54}},"1":{"start":{"line":2,"column":25},"end":{"line":2,"column":57}},"2":{"start":{"line":3,"column":20},"end":{"line":3,"column":45}},"3":{"start":{"line":5,"column":0},"end":{"line":132,"column":2}},"4":{"start":{"line":7,"column":24},"end":{"line":7,"column":74}},"5":{"start":{"line":8,"column":26},"end":{"line":8,"column":58}},"6":{"start":{"line":9,"column":4},"end":{"line":23,"column":5}},"7":{"start":{"line":12,"column":6},"end":{"line":20,"column":9}},"8":{"start":{"line":22,"column":6},"end":{"line":22,"column":23}},"9":{"start":{"line":27,"column":4},"end":{"line":27,"column":26}},"10":{"start":{"line":29,"column":4},"end":{"line":38,"column":5}},"11":{"start":{"line":30,"column":25},"end":{"line":30,"column":54}},"12":{"start":{"line":31,"column":6},"end":{"line":35,"column":9}},"13":{"start":{"line":37,"column":6},"end":{"line":37,"column":23}},"14":{"start":{"line":42,"column":4},"end":{"line":42,"column":29}},"15":{"start":{"line":43,"column":4},"end":{"line":59,"column":5}},"16":{"start":{"line":45,"column":21},"end":{"line":45,"column":68}},"17":{"start":{"line":47,"column":6},"end":{"line":54,"column":9}},"18":{"start":{"line":55,"column":6},"end":{"line":55,"column":42}},"19":{"start":{"line":56,"column":6},"end":{"line":56,"column":51}},"20":{"start":{"line":58,"column":6},"end":{"line":58,"column":23}},"21":{"start":{"line":63,"column":4},"end":{"line":76,"column":5}},"22":{"start":{"line":64,"column":28},"end":{"line":64,"column":60}},"23":{"start":{"line":65,"column":25},"end":{"line":65,"column":71}},"24":{"start":{"line":67,"column":6},"end":{"line":73,"column":9}},"25":{"start":{"line":75,"column":6},"end":{"line":75,"column":23}},"26":{"start":{"line":79,"column":4},"end":{"line":90,"column":5}},"27":{"start":{"line":80,"column":25},"end":{"line":80,"column":71}},"28":{"start":{"line":82,"column":6},"end":{"line":87,"column":9}},"29":{"start":{"line":89,"column":6},"end":{"line":89,"column":23}},"30":{"start":{"line":94,"column":4},"end":{"line":114,"column":5}},"31":{"start":{"line":96,"column":21},"end":{"line":96,"column":68}},"32":{"start":{"line":98,"column":6},"end":{"line":105,"column":9}},"33":{"start":{"line":107,"column":6},"end":{"line":107,"column":12}},"34":{"start":{"line":108,"column":6},"end":{"line":108,"column":20}},"35":{"start":{"line":109,"column":6},"end":{"line":109,"column":48}},"36":{"start":{"line":110,"column":6},"end":{"line":110,"column":51}},"37":{"start":{"line":112,"column":6},"end":{"line":112,"column":23}},"38":{"start":{"line":118,"column":4},"end":{"line":130,"column":5}},"39":{"start":{"line":120,"column":23},"end":{"line":120,"column":78}},"40":{"start":{"line":124,"column":6},"end":{"line":124,"column":63}},"41":{"start":{"line":125,"column":6},"end":{"line":125,"column":34}},"42":{"start":{"line":126,"column":6},"end":{"line":126,"column":51}},"43":{"start":{"line":128,"column":6},"end":{"line":128,"column":30}},"44":{"start":{"line":129,"column":6},"end":{"line":129,"column":51}}},"fnMap":{"0":{"name":"(anonymous_0)","decl":{"start":{"line":6,"column":18},"end":{"line":6,"column":19}},"loc":{"start":{"line":6,"column":38},"end":{"line":24,"column":3}},"line":6},"1":{"name":"(anonymous_1)","decl":{"start":{"line":26,"column":23},"end":{"line":26,"column":24}},"loc":{"start":{"line":26,"column":43},"end":{"line":39,"column":3}},"line":26},"2":{"name":"(anonymous_2)","decl":{"start":{"line":41,"column":24},"end":{"line":41,"column":25}},"loc":{"start":{"line":41,"column":44},"end":{"line":60,"column":3}},"line":41},"3":{"name":"(anonymous_3)","decl":{"start":{"line":62,"column":17},"end":{"line":62,"column":18}},"loc":{"start":{"line":62,"column":37},"end":{"line":77,"column":3}},"line":62},"4":{"name":"(anonymous_4)","decl":{"start":{"line":78,"column":21},"end":{"line":78,"column":22}},"loc":{"start":{"line":78,"column":41},"end":{"line":91,"column":3}},"line":78},"5":{"name":"(anonymous_5)","decl":{"start":{"line":93,"column":22},"end":{"line":93,"column":23}},"loc":{"start":{"line":93,"column":42},"end":{"line":115,"column":3}},"line":93},"6":{"name":"(anonymous_6)","decl":{"start":{"line":117,"column":17},"end":{"line":117,"column":18}},"loc":{"start":{"line":117,"column":37},"end":{"line":131,"column":3}},"line":117}},"branchMap":{},"s":{"0":2,"1":2,"2":2,"3":2,"4":0,"5":0,"6":0,"7":0,"8":0,"9":0,"10":0,"11":0,"12":0,"13":0,"14":0,"15":0,"16":0,"17":0,"18":0,"19":0,"20":0,"21":0,"22":0,"23":0,"24":0,"25":0,"26":0,"27":0,"28":0,"29":0,"30":0,"31":0,"32":0,"33":0,"34":0,"35":0,"36":0,"37":0,"38":0,"39":0,"40":0,"41":0,"42":0,"43":0,"44":0},"f":{"0":0,"1":0,"2":0,"3":0,"4":0,"5":0,"6":0},"b":{},"_coverageSchema":"1a1c01bbd47fc00a2c39e90264f33305004495a9","hash":"c31f809f280326625b4881f5da7816c8e549df90"}
,"/Users/kirstiehayes/Documents/emotionalise/controllers/profileController.js": {"path":"/Users/kirstiehayes/Documents/emotionalise/controllers/profileController.js","statementMap":{"0":{"start":{"line":1,"column":20},"end":{"line":1,"column":45}},"1":{"start":{"line":2,"column":19},"end":{"line":2,"column":54}},"2":{"start":{"line":3,"column":21},"end":{"line":3,"column":50}},"3":{"start":{"line":4,"column":25},"end":{"line":4,"column":66}},"4":{"start":{"line":5,"column":24},"end":{"line":5,"column":54}},"5":{"start":{"line":8,"column":2},"end":{"line":8,"column":70}},"6":{"start":{"line":11,"column":0},"end":{"line":145,"column":2}},"7":{"start":{"line":14,"column":4},"end":{"line":68,"column":5}},"8":{"start":{"line":15,"column":20},"end":{"line":15,"column":61}},"9":{"start":{"line":17,"column":20},"end":{"line":25,"column":8}},"10":{"start":{"line":27,"column":21},"end":{"line":41,"column":8}},"11":{"start":{"line":43,"column":19},"end":{"line":53,"column":8}},"12":{"start":{"line":55,"column":6},"end":{"line":55,"column":26}},"13":{"start":{"line":57,"column":6},"end":{"line":65,"column":9}},"14":{"start":{"line":67,"column":6},"end":{"line":67,"column":23}},"15":{"start":{"line":71,"column":4},"end":{"line":92,"column":5}},"16":{"start":{"line":72,"column":6},"end":{"line":83,"column":9}},"17":{"start":{"line":87,"column":6},"end":{"line":87,"column":42}},"18":{"start":{"line":88,"column":6},"end":{"line":88,"column":58}},"19":{"start":{"line":90,"column":6},"end":{"line":90,"column":23}},"20":{"start":{"line":95,"column":4},"end":{"line":113,"column":5}},"21":{"start":{"line":97,"column":21},"end":{"line":97,"column":68}},"22":{"start":{"line":99,"column":6},"end":{"line":104,"column":9}},"23":{"start":{"line":108,"column":6},"end":{"line":108,"column":42}},"24":{"start":{"line":109,"column":6},"end":{"line":109,"column":58}},"25":{"start":{"line":111,"column":6},"end":{"line":111,"column":23}},"26":{"start":{"line":117,"column":4},"end":{"line":129,"column":5}},"27":{"start":{"line":119,"column":17},"end":{"line":119,"column":67}},"28":{"start":{"line":123,"column":6},"end":{"line":123,"column":51}},"29":{"start":{"line":124,"column":6},"end":{"line":124,"column":34}},"30":{"start":{"line":125,"column":6},"end":{"line":125,"column":24}},"31":{"start":{"line":127,"column":6},"end":{"line":127,"column":30}},"32":{"start":{"line":128,"column":6},"end":{"line":128,"column":24}},"33":{"start":{"line":133,"column":4},"end":{"line":143,"column":5}},"34":{"start":{"line":134,"column":20},"end":{"line":134,"column":61}},"35":{"start":{"line":135,"column":6},"end":{"line":140,"column":9}},"36":{"start":{"line":142,"column":6},"end":{"line":142,"column":23}}},"fnMap":{"0":{"name":"errorHandling","decl":{"start":{"line":7,"column":9},"end":{"line":7,"column":22}},"loc":{"start":{"line":7,"column":35},"end":{"line":9,"column":1}},"line":7},"1":{"name":"(anonymous_1)","decl":{"start":{"line":12,"column":14},"end":{"line":12,"column":15}},"loc":{"start":{"line":12,"column":34},"end":{"line":69,"column":3}},"line":12},"2":{"name":"(anonymous_2)","decl":{"start":{"line":70,"column":19},"end":{"line":70,"column":20}},"loc":{"start":{"line":70,"column":39},"end":{"line":93,"column":3}},"line":70},"3":{"name":"(anonymous_3)","decl":{"start":{"line":94,"column":21},"end":{"line":94,"column":22}},"loc":{"start":{"line":94,"column":41},"end":{"line":114,"column":3}},"line":94},"4":{"name":"(anonymous_4)","decl":{"start":{"line":116,"column":17},"end":{"line":116,"column":18}},"loc":{"start":{"line":116,"column":37},"end":{"line":130,"column":3}},"line":116},"5":{"name":"(anonymous_5)","decl":{"start":{"line":132,"column":20},"end":{"line":132,"column":21}},"loc":{"start":{"line":132,"column":40},"end":{"line":144,"column":3}},"line":132}},"branchMap":{"0":{"loc":{"start":{"line":8,"column":34},"end":{"line":8,"column":66}},"type":"binary-expr","locations":[{"start":{"line":8,"column":34},"end":{"line":8,"column":47}},{"start":{"line":8,"column":51},"end":{"line":8,"column":66}}],"line":8}},"s":{"0":2,"1":2,"2":2,"3":2,"4":2,"5":0,"6":2,"7":0,"8":0,"9":0,"10":0,"11":0,"12":0,"13":0,"14":0,"15":0,"16":0,"17":0,"18":0,"19":0,"20":0,"21":0,"22":0,"23":0,"24":0,"25":0,"26":0,"27":0,"28":0,"29":0,"30":0,"31":0,"32":0,"33":0,"34":0,"35":0,"36":0},"f":{"0":0,"1":0,"2":0,"3":0,"4":0,"5":0},"b":{"0":[0,0]},"_coverageSchema":"1a1c01bbd47fc00a2c39e90264f33305004495a9","hash":"90d3ee94c1e1bbdb78e3b273ab972394d7f92917"}
,"/Users/kirstiehayes/Documents/emotionalise/controllers/searchController.js": {"path":"/Users/kirstiehayes/Documents/emotionalise/controllers/searchController.js","statementMap":{"0":{"start":{"line":1,"column":18},"end":{"line":1,"column":37}},"1":{"start":{"line":2,"column":21},"end":{"line":2,"column":50}},"2":{"start":{"line":3,"column":20},"end":{"line":3,"column":45}},"3":{"start":{"line":6,"column":2},"end":{"line":6,"column":70}},"4":{"start":{"line":9,"column":0},"end":{"line":33,"column":2}},"5":{"start":{"line":11,"column":4},"end":{"line":31,"column":5}},"6":{"start":{"line":12,"column":20},"end":{"line":12,"column":44}},"7":{"start":{"line":13,"column":23},"end":{"line":13,"column":42}},"8":{"start":{"line":14,"column":6},"end":{"line":14,"column":45}},"9":{"start":{"line":15,"column":26},"end":{"line":17,"column":27}},"10":{"start":{"line":18,"column":26},"end":{"line":20,"column":8}},"11":{"start":{"line":21,"column":6},"end":{"line":21,"column":33}},"12":{"start":{"line":22,"column":6},"end":{"line":28,"column":9}},"13":{"start":{"line":30,"column":6},"end":{"line":30,"column":32}}},"fnMap":{"0":{"name":"errorHandling","decl":{"start":{"line":5,"column":9},"end":{"line":5,"column":22}},"loc":{"start":{"line":5,"column":35},"end":{"line":7,"column":1}},"line":5},"1":{"name":"(anonymous_1)","decl":{"start":{"line":10,"column":15},"end":{"line":10,"column":16}},"loc":{"start":{"line":10,"column":35},"end":{"line":32,"column":3}},"line":10}},"branchMap":{"0":{"loc":{"start":{"line":6,"column":34},"end":{"line":6,"column":66}},"type":"binary-expr","locations":[{"start":{"line":6,"column":34},"end":{"line":6,"column":47}},{"start":{"line":6,"column":51},"end":{"line":6,"column":66}}],"line":6}},"s":{"0":2,"1":2,"2":2,"3":0,"4":2,"5":0,"6":0,"7":0,"8":0,"9":0,"10":0,"11":0,"12":0,"13":0},"f":{"0":0,"1":0},"b":{"0":[0,0]},"_coverageSchema":"1a1c01bbd47fc00a2c39e90264f33305004495a9","hash":"19ab822b8468f596397d82dd754c4bdf458d90e1"}
,"/Users/kirstiehayes/Documents/emotionalise/controllers/thoughtDiaryController.js": {"path":"/Users/kirstiehayes/Documents/emotionalise/controllers/thoughtDiaryController.js","statementMap":{"0":{"start":{"line":1,"column":19},"end":{"line":1,"column":54}},"1":{"start":{"line":2,"column":21},"end":{"line":2,"column":50}},"2":{"start":{"line":3,"column":20},"end":{"line":3,"column":45}},"3":{"start":{"line":4,"column":15},"end":{"line":4,"column":45}},"4":{"start":{"line":7,"column":2},"end":{"line":7,"column":70}},"5":{"start":{"line":9,"column":0},"end":{"line":187,"column":2}},"6":{"start":{"line":12,"column":4},"end":{"line":45,"column":5}},"7":{"start":{"line":13,"column":20},"end":{"line":13,"column":44}},"8":{"start":{"line":14,"column":22},"end":{"line":14,"column":23}},"9":{"start":{"line":15,"column":19},"end":{"line":15,"column":39}},"10":{"start":{"line":16,"column":20},"end":{"line":16,"column":74}},"11":{"start":{"line":17,"column":6},"end":{"line":17,"column":24}},"12":{"start":{"line":20,"column":23},"end":{"line":24,"column":27}},"13":{"start":{"line":25,"column":26},"end":{"line":27,"column":27}},"14":{"start":{"line":30,"column":6},"end":{"line":42,"column":9}},"15":{"start":{"line":44,"column":6},"end":{"line":44,"column":23}},"16":{"start":{"line":48,"column":4},"end":{"line":67,"column":5}},"17":{"start":{"line":49,"column":20},"end":{"line":49,"column":44}},"18":{"start":{"line":50,"column":23},"end":{"line":50,"column":42}},"19":{"start":{"line":51,"column":6},"end":{"line":51,"column":45}},"20":{"start":{"line":52,"column":26},"end":{"line":54,"column":27}},"21":{"start":{"line":55,"column":26},"end":{"line":57,"column":8}},"22":{"start":{"line":58,"column":6},"end":{"line":58,"column":33}},"23":{"start":{"line":59,"column":6},"end":{"line":64,"column":9}},"24":{"start":{"line":66,"column":6},"end":{"line":66,"column":32}},"25":{"start":{"line":71,"column":4},"end":{"line":83,"column":5}},"26":{"start":{"line":73,"column":20},"end":{"line":73,"column":71}},"27":{"start":{"line":77,"column":6},"end":{"line":77,"column":59}},"28":{"start":{"line":78,"column":6},"end":{"line":78,"column":34}},"29":{"start":{"line":79,"column":6},"end":{"line":79,"column":52}},"30":{"start":{"line":81,"column":6},"end":{"line":81,"column":30}},"31":{"start":{"line":82,"column":6},"end":{"line":82,"column":52}},"32":{"start":{"line":87,"column":4},"end":{"line":98,"column":5}},"33":{"start":{"line":88,"column":23},"end":{"line":88,"column":69}},"34":{"start":{"line":90,"column":6},"end":{"line":95,"column":9}},"35":{"start":{"line":97,"column":6},"end":{"line":97,"column":23}},"36":{"start":{"line":101,"column":4},"end":{"line":121,"column":5}},"37":{"start":{"line":103,"column":21},"end":{"line":103,"column":68}},"38":{"start":{"line":105,"column":6},"end":{"line":115,"column":9}},"39":{"start":{"line":117,"column":6},"end":{"line":117,"column":42}},"40":{"start":{"line":118,"column":6},"end":{"line":118,"column":52}},"41":{"start":{"line":120,"column":6},"end":{"line":120,"column":23}},"42":{"start":{"line":124,"column":4},"end":{"line":137,"column":5}},"43":{"start":{"line":125,"column":22},"end":{"line":125,"column":64}},"44":{"start":{"line":126,"column":28},"end":{"line":126,"column":60}},"45":{"start":{"line":127,"column":6},"end":{"line":127,"column":48}},"46":{"start":{"line":128,"column":6},"end":{"line":134,"column":9}},"47":{"start":{"line":136,"column":6},"end":{"line":136,"column":23}},"48":{"start":{"line":141,"column":4},"end":{"line":148,"column":5}},"49":{"start":{"line":143,"column":19},"end":{"line":143,"column":65}},"50":{"start":{"line":145,"column":6},"end":{"line":145,"column":21}},"51":{"start":{"line":147,"column":6},"end":{"line":147,"column":23}},"52":{"start":{"line":151,"column":4},"end":{"line":162,"column":5}},"53":{"start":{"line":152,"column":22},"end":{"line":152,"column":64}},"54":{"start":{"line":153,"column":6},"end":{"line":153,"column":48}},"55":{"start":{"line":154,"column":6},"end":{"line":159,"column":9}},"56":{"start":{"line":161,"column":6},"end":{"line":161,"column":23}},"57":{"start":{"line":166,"column":4},"end":{"line":185,"column":5}},"58":{"start":{"line":168,"column":21},"end":{"line":168,"column":68}},"59":{"start":{"line":170,"column":6},"end":{"line":178,"column":9}},"60":{"start":{"line":180,"column":6},"end":{"line":180,"column":42}},"61":{"start":{"line":181,"column":6},"end":{"line":181,"column":52}},"62":{"start":{"line":183,"column":6},"end":{"line":183,"column":23}}},"fnMap":{"0":{"name":"errorHandling","decl":{"start":{"line":6,"column":9},"end":{"line":6,"column":22}},"loc":{"start":{"line":6,"column":35},"end":{"line":8,"column":1}},"line":6},"1":{"name":"(anonymous_1)","decl":{"start":{"line":10,"column":19},"end":{"line":10,"column":20}},"loc":{"start":{"line":10,"column":39},"end":{"line":46,"column":3}},"line":10},"2":{"name":"(anonymous_2)","decl":{"start":{"line":47,"column":15},"end":{"line":47,"column":16}},"loc":{"start":{"line":47,"column":35},"end":{"line":68,"column":3}},"line":47},"3":{"name":"(anonymous_3)","decl":{"start":{"line":70,"column":19},"end":{"line":70,"column":20}},"loc":{"start":{"line":70,"column":39},"end":{"line":84,"column":3}},"line":70},"4":{"name":"(anonymous_4)","decl":{"start":{"line":86,"column":20},"end":{"line":86,"column":21}},"loc":{"start":{"line":86,"column":40},"end":{"line":99,"column":3}},"line":86},"5":{"name":"(anonymous_5)","decl":{"start":{"line":100,"column":21},"end":{"line":100,"column":22}},"loc":{"start":{"line":100,"column":41},"end":{"line":122,"column":3}},"line":100},"6":{"name":"(anonymous_6)","decl":{"start":{"line":123,"column":14},"end":{"line":123,"column":15}},"loc":{"start":{"line":123,"column":34},"end":{"line":138,"column":3}},"line":123},"7":{"name":"(anonymous_7)","decl":{"start":{"line":140,"column":18},"end":{"line":140,"column":19}},"loc":{"start":{"line":140,"column":38},"end":{"line":149,"column":3}},"line":140},"8":{"name":"(anonymous_8)","decl":{"start":{"line":150,"column":18},"end":{"line":150,"column":19}},"loc":{"start":{"line":150,"column":38},"end":{"line":163,"column":3}},"line":150},"9":{"name":"(anonymous_9)","decl":{"start":{"line":165,"column":19},"end":{"line":165,"column":20}},"loc":{"start":{"line":165,"column":39},"end":{"line":186,"column":3}},"line":165}},"branchMap":{"0":{"loc":{"start":{"line":7,"column":34},"end":{"line":7,"column":66}},"type":"binary-expr","locations":[{"start":{"line":7,"column":34},"end":{"line":7,"column":47}},{"start":{"line":7,"column":51},"end":{"line":7,"column":66}}],"line":7},"1":{"loc":{"start":{"line":15,"column":19},"end":{"line":15,"column":39}},"type":"binary-expr","locations":[{"start":{"line":15,"column":19},"end":{"line":15,"column":34}},{"start":{"line":15,"column":38},"end":{"line":15,"column":39}}],"line":15}},"s":{"0":2,"1":2,"2":2,"3":2,"4":0,"5":2,"6":0,"7":0,"8":0,"9":0,"10":0,"11":0,"12":0,"13":0,"14":0,"15":0,"16":0,"17":0,"18":0,"19":0,"20":0,"21":0,"22":0,"23":0,"24":0,"25":0,"26":0,"27":0,"28":0,"29":0,"30":0,"31":0,"32":0,"33":0,"34":0,"35":0,"36":0,"37":0,"38":0,"39":0,"40":0,"41":0,"42":0,"43":0,"44":0,"45":0,"46":0,"47":0,"48":0,"49":0,"50":0,"51":0,"52":0,"53":0,"54":0,"55":0,"56":0,"57":0,"58":0,"59":0,"60":0,"61":0,"62":0},"f":{"0":0,"1":0,"2":0,"3":0,"4":0,"5":0,"6":0,"7":0,"8":0,"9":0},"b":{"0":[0,0],"1":[0,0]},"_coverageSchema":"1a1c01bbd47fc00a2c39e90264f33305004495a9","hash":"47006199a7222df3d8d158b4bdc5b8a52142d1e8"}
,"/Users/kirstiehayes/Documents/emotionalise/middleware/auth.js": {"path":"/Users/kirstiehayes/Documents/emotionalise/middleware/auth.js","statementMap":{"0":{"start":{"line":1,"column":0},"end":{"line":16,"column":2}},"1":{"start":{"line":3,"column":4},"end":{"line":7,"column":5}},"2":{"start":{"line":4,"column":6},"end":{"line":4,"column":20}},"3":{"start":{"line":6,"column":6},"end":{"line":6,"column":24}},"4":{"start":{"line":10,"column":4},"end":{"line":14,"column":5}},"5":{"start":{"line":11,"column":6},"end":{"line":11,"column":20}},"6":{"start":{"line":13,"column":6},"end":{"line":13,"column":33}}},"fnMap":{"0":{"name":"(anonymous_0)","decl":{"start":{"line":2,"column":14},"end":{"line":2,"column":15}},"loc":{"start":{"line":2,"column":40},"end":{"line":8,"column":3}},"line":2},"1":{"name":"(anonymous_1)","decl":{"start":{"line":9,"column":15},"end":{"line":9,"column":16}},"loc":{"start":{"line":9,"column":41},"end":{"line":15,"column":3}},"line":9}},"branchMap":{"0":{"loc":{"start":{"line":3,"column":4},"end":{"line":7,"column":5}},"type":"if","locations":[{"start":{"line":3,"column":4},"end":{"line":7,"column":5}},{"start":{"line":5,"column":11},"end":{"line":7,"column":5}}],"line":3},"1":{"loc":{"start":{"line":10,"column":4},"end":{"line":14,"column":5}},"type":"if","locations":[{"start":{"line":10,"column":4},"end":{"line":14,"column":5}},{"start":{"line":12,"column":11},"end":{"line":14,"column":5}}],"line":10}},"s":{"0":2,"1":1,"2":0,"3":1,"4":0,"5":0,"6":0},"f":{"0":1,"1":0},"b":{"0":[0,1],"1":[0,0]},"_coverageSchema":"1a1c01bbd47fc00a2c39e90264f33305004495a9","hash":"412e4a8233d79d81cf03cb87867af2fea42ad49d"}
,"/Users/kirstiehayes/Documents/emotionalise/middleware/cloudinary.js": {"path":"/Users/kirstiehayes/Documents/emotionalise/middleware/cloudinary.js","statementMap":{"0":{"start":{"line":1,"column":19},"end":{"line":1,"column":43}},"1":{"start":{"line":3,"column":0},"end":{"line":3,"column":52}},"2":{"start":{"line":5,"column":0},"end":{"line":9,"column":3}},"3":{"start":{"line":11,"column":0},"end":{"line":11,"column":28}}},"fnMap":{},"branchMap":{},"s":{"0":2,"1":2,"2":2,"3":2},"f":{},"b":{},"_coverageSchema":"1a1c01bbd47fc00a2c39e90264f33305004495a9","hash":"702f7f02b9058115e2728b4dc863e9382e722788"}
,"/Users/kirstiehayes/Documents/emotionalise/middleware/multer.js": {"path":"/Users/kirstiehayes/Documents/emotionalise/middleware/multer.js","statementMap":{"0":{"start":{"line":1,"column":15},"end":{"line":1,"column":32}},"1":{"start":{"line":2,"column":13},"end":{"line":2,"column":28}},"2":{"start":{"line":4,"column":0},"end":{"line":20,"column":3}},"3":{"start":{"line":7,"column":14},"end":{"line":7,"column":45}},"4":{"start":{"line":8,"column":4},"end":{"line":17,"column":5}},"5":{"start":{"line":15,"column":6},"end":{"line":15,"column":57}},"6":{"start":{"line":16,"column":6},"end":{"line":16,"column":13}},"7":{"start":{"line":18,"column":4},"end":{"line":18,"column":19}}},"fnMap":{"0":{"name":"(anonymous_0)","decl":{"start":{"line":6,"column":14},"end":{"line":6,"column":15}},"loc":{"start":{"line":6,"column":33},"end":{"line":19,"column":3}},"line":6}},"branchMap":{"0":{"loc":{"start":{"line":8,"column":4},"end":{"line":17,"column":5}},"type":"if","locations":[{"start":{"line":8,"column":4},"end":{"line":17,"column":5}},{"start":{},"end":{}}],"line":8},"1":{"loc":{"start":{"line":9,"column":6},"end":{"line":13,"column":21}},"type":"binary-expr","locations":[{"start":{"line":9,"column":6},"end":{"line":9,"column":20}},{"start":{"line":10,"column":6},"end":{"line":10,"column":21}},{"start":{"line":11,"column":6},"end":{"line":11,"column":20}},{"start":{"line":12,"column":6},"end":{"line":12,"column":20}},{"start":{"line":13,"column":6},"end":{"line":13,"column":21}}],"line":9}},"s":{"0":2,"1":2,"2":2,"3":0,"4":0,"5":0,"6":0,"7":0},"f":{"0":0},"b":{"0":[0,0],"1":[0,0,0,0,0]},"_coverageSchema":"1a1c01bbd47fc00a2c39e90264f33305004495a9","hash":"1c6d429cd2f75ed94b59619446bc9058a30c5ae9"}
,"/Users/kirstiehayes/Documents/emotionalise/models/Comments.js": {"path":"/Users/kirstiehayes/Documents/emotionalise/models/Comments.js","statementMap":{"0":{"start":{"line":1,"column":17},"end":{"line":1,"column":36}},"1":{"start":{"line":3,"column":22},"end":{"line":30,"column":2}},"2":{"start":{"line":32,"column":0},"end":{"line":32,"column":58}}},"fnMap":{},"branchMap":{},"s":{"0":2,"1":2,"2":2},"f":{},"b":{},"_coverageSchema":"1a1c01bbd47fc00a2c39e90264f33305004495a9","hash":"8a2305d99630660a9c6a2a1faeb480b8b068b0ba"}
,"/Users/kirstiehayes/Documents/emotionalise/models/Motivations.js": {"path":"/Users/kirstiehayes/Documents/emotionalise/models/Motivations.js","statementMap":{"0":{"start":{"line":1,"column":17},"end":{"line":1,"column":36}},"1":{"start":{"line":3,"column":25},"end":{"line":47,"column":2}},"2":{"start":{"line":49,"column":0},"end":{"line":49,"column":65}},"3":{"start":{"line":51,"column":0},"end":{"line":51,"column":65}}},"fnMap":{},"branchMap":{},"s":{"0":2,"1":2,"2":2,"3":2},"f":{},"b":{},"_coverageSchema":"1a1c01bbd47fc00a2c39e90264f33305004495a9","hash":"f222d769e791e581bdcbb2cd06712597c2f2a94a"}
,"/Users/kirstiehayes/Documents/emotionalise/models/PostCodes.js": {"path":"/Users/kirstiehayes/Documents/emotionalise/models/PostCodes.js","statementMap":{"0":{"start":{"line":1,"column":17},"end":{"line":1,"column":36}},"1":{"start":{"line":3,"column":19},"end":{"line":16,"column":2}},"2":{"start":{"line":18,"column":0},"end":{"line":18,"column":34}},"3":{"start":{"line":21,"column":0},"end":{"line":21,"column":57}}},"fnMap":{},"branchMap":{},"s":{"0":2,"1":2,"2":2,"3":2},"f":{},"b":{},"_coverageSchema":"1a1c01bbd47fc00a2c39e90264f33305004495a9","hash":"fdece495f606b232db670c62d4d4a17f60ce7310"}
,"/Users/kirstiehayes/Documents/emotionalise/models/Thoughts.js": {"path":"/Users/kirstiehayes/Documents/emotionalise/models/Thoughts.js","statementMap":{"0":{"start":{"line":1,"column":17},"end":{"line":1,"column":36}},"1":{"start":{"line":3,"column":22},"end":{"line":53,"column":2}},"2":{"start":{"line":55,"column":0},"end":{"line":55,"column":76}},"3":{"start":{"line":57,"column":0},"end":{"line":57,"column":59}}},"fnMap":{},"branchMap":{},"s":{"0":2,"1":2,"2":2,"3":2},"f":{},"b":{},"_coverageSchema":"1a1c01bbd47fc00a2c39e90264f33305004495a9","hash":"f94a7c8e32590f4fdb8d290aff31ace48b5f9dea"}
,"/Users/kirstiehayes/Documents/emotionalise/models/User.js": {"path":"/Users/kirstiehayes/Documents/emotionalise/models/User.js","statementMap":{"0":{"start":{"line":1,"column":15},"end":{"line":1,"column":32}},"1":{"start":{"line":2,"column":17},"end":{"line":2,"column":36}},"2":{"start":{"line":3,"column":21},"end":{"line":3,"column":57}},"3":{"start":{"line":5,"column":19},"end":{"line":44,"column":2}},"4":{"start":{"line":48,"column":0},"end":{"line":65,"column":3}},"5":{"start":{"line":49,"column":15},"end":{"line":49,"column":19}},"6":{"start":{"line":50,"column":2},"end":{"line":52,"column":3}},"7":{"start":{"line":51,"column":4},"end":{"line":51,"column":18}},"8":{"start":{"line":53,"column":2},"end":{"line":64,"column":5}},"9":{"start":{"line":54,"column":4},"end":{"line":56,"column":5}},"10":{"start":{"line":55,"column":6},"end":{"line":55,"column":23}},"11":{"start":{"line":57,"column":4},"end":{"line":63,"column":7}},"12":{"start":{"line":58,"column":6},"end":{"line":60,"column":7}},"13":{"start":{"line":59,"column":8},"end":{"line":59,"column":25}},"14":{"start":{"line":61,"column":6},"end":{"line":61,"column":27}},"15":{"start":{"line":62,"column":6},"end":{"line":62,"column":13}},"16":{"start":{"line":69,"column":0},"end":{"line":76,"column":2}},"17":{"start":{"line":73,"column":2},"end":{"line":75,"column":5}},"18":{"start":{"line":74,"column":4},"end":{"line":74,"column":21}},"19":{"start":{"line":78,"column":0},"end":{"line":78,"column":52}}},"fnMap":{"0":{"name":"save","decl":{"start":{"line":48,"column":32},"end":{"line":48,"column":36}},"loc":{"start":{"line":48,"column":43},"end":{"line":65,"column":1}},"line":48},"1":{"name":"(anonymous_1)","decl":{"start":{"line":53,"column":21},"end":{"line":53,"column":22}},"loc":{"start":{"line":53,"column":36},"end":{"line":64,"column":3}},"line":53},"2":{"name":"(anonymous_2)","decl":{"start":{"line":57,"column":37},"end":{"line":57,"column":38}},"loc":{"start":{"line":57,"column":52},"end":{"line":63,"column":5}},"line":57},"3":{"name":"comparePassword","decl":{"start":{"line":69,"column":46},"end":{"line":69,"column":61}},"loc":{"start":{"line":72,"column":2},"end":{"line":76,"column":1}},"line":72},"4":{"name":"(anonymous_4)","decl":{"start":{"line":73,"column":51},"end":{"line":73,"column":52}},"loc":{"start":{"line":73,"column":69},"end":{"line":75,"column":3}},"line":73}},"branchMap":{"0":{"loc":{"start":{"line":50,"column":2},"end":{"line":52,"column":3}},"type":"if","locations":[{"start":{"line":50,"column":2},"end":{"line":52,"column":3}},{"start":{},"end":{}}],"line":50},"1":{"loc":{"start":{"line":54,"column":4},"end":{"line":56,"column":5}},"type":"if","locations":[{"start":{"line":54,"column":4},"end":{"line":56,"column":5}},{"start":{},"end":{}}],"line":54},"2":{"loc":{"start":{"line":58,"column":6},"end":{"line":60,"column":7}},"type":"if","locations":[{"start":{"line":58,"column":6},"end":{"line":60,"column":7}},{"start":{},"end":{}}],"line":58}},"s":{"0":2,"1":2,"2":2,"3":2,"4":2,"5":0,"6":0,"7":0,"8":0,"9":0,"10":0,"11":0,"12":0,"13":0,"14":0,"15":0,"16":2,"17":0,"18":0,"19":2},"f":{"0":0,"1":0,"2":0,"3":0,"4":0},"b":{"0":[0,0],"1":[0,0],"2":[0,0]},"_coverageSchema":"1a1c01bbd47fc00a2c39e90264f33305004495a9","hash":"7a0d33b67eb6c54477dbddbacba55f2d6a2fb927"}
,"/Users/kirstiehayes/Documents/emotionalise/public/helper.js": {"path":"/Users/kirstiehayes/Documents/emotionalise/public/helper.js","statementMap":{"0":{"start":{"line":2,"column":18},"end":{"line":9,"column":4}},"1":{"start":{"line":4,"column":17},"end":{"line":4,"column":27}},"2":{"start":{"line":6,"column":4},"end":{"line":6,"column":41}},"3":{"start":{"line":8,"column":4},"end":{"line":8,"column":54}},"4":{"start":{"line":13,"column":2},"end":{"line":17,"column":3}}},"fnMap":{"0":{"name":"(anonymous_0)","decl":{"start":{"line":2,"column":43},"end":{"line":2,"column":44}},"loc":{"start":{"line":2,"column":52},"end":{"line":9,"column":3}},"line":2}},"branchMap":{},"s":{"0":2,"1":14,"2":14,"3":14,"4":2},"f":{"0":14},"b":{},"_coverageSchema":"1a1c01bbd47fc00a2c39e90264f33305004495a9","hash":"55a24f1107caa266e369f663e488e4b88128e600"}
,"/Users/kirstiehayes/Documents/emotionalise/routes/bookmarks.js": {"path":"/Users/kirstiehayes/Documents/emotionalise/routes/bookmarks.js","statementMap":{"0":{"start":{"line":1,"column":16},"end":{"line":1,"column":34}},"1":{"start":{"line":2,"column":15},"end":{"line":2,"column":31}},"2":{"start":{"line":4,"column":27},"end":{"line":4,"column":71}},"3":{"start":{"line":5,"column":36},"end":{"line":5,"column":65}},"4":{"start":{"line":10,"column":0},"end":{"line":10,"column":50}},"5":{"start":{"line":11,"column":0},"end":{"line":11,"column":70}},"6":{"start":{"line":12,"column":0},"end":{"line":12,"column":76}},"7":{"start":{"line":13,"column":0},"end":{"line":13,"column":83}},"8":{"start":{"line":14,"column":0},"end":{"line":14,"column":89}},"9":{"start":{"line":15,"column":0},"end":{"line":15,"column":95}},"10":{"start":{"line":16,"column":0},"end":{"line":16,"column":101}},"11":{"start":{"line":19,"column":0},"end":{"line":19,"column":23}}},"fnMap":{},"branchMap":{},"s":{"0":2,"1":2,"2":2,"3":2,"4":2,"5":2,"6":2,"7":2,"8":2,"9":2,"10":2,"11":2},"f":{},"b":{},"_coverageSchema":"1a1c01bbd47fc00a2c39e90264f33305004495a9","hash":"41feb653d9ba7242beee57eb6aa8840305ddd17b"}
,"/Users/kirstiehayes/Documents/emotionalise/routes/comments.js": {"path":"/Users/kirstiehayes/Documents/emotionalise/routes/comments.js","statementMap":{"0":{"start":{"line":1,"column":16},"end":{"line":1,"column":34}},"1":{"start":{"line":2,"column":15},"end":{"line":2,"column":31}},"2":{"start":{"line":4,"column":27},"end":{"line":4,"column":71}},"3":{"start":{"line":7,"column":0},"end":{"line":7,"column":80}},"4":{"start":{"line":8,"column":0},"end":{"line":8,"column":86}},"5":{"start":{"line":9,"column":0},"end":{"line":9,"column":67}},"6":{"start":{"line":10,"column":0},"end":{"line":10,"column":70}},"7":{"start":{"line":13,"column":0},"end":{"line":13,"column":24}}},"fnMap":{},"branchMap":{},"s":{"0":2,"1":2,"2":2,"3":2,"4":2,"5":2,"6":2,"7":2},"f":{},"b":{},"_coverageSchema":"1a1c01bbd47fc00a2c39e90264f33305004495a9","hash":"8122df833881c04cafc49c60012dfa41a8410317"}
,"/Users/kirstiehayes/Documents/emotionalise/routes/community.js": {"path":"/Users/kirstiehayes/Documents/emotionalise/routes/community.js","statementMap":{"0":{"start":{"line":1,"column":16},"end":{"line":1,"column":34}},"1":{"start":{"line":2,"column":15},"end":{"line":2,"column":31}},"2":{"start":{"line":4,"column":28},"end":{"line":4,"column":73}},"3":{"start":{"line":10,"column":0},"end":{"line":10,"column":51}},"4":{"start":{"line":11,"column":0},"end":{"line":11,"column":71}},"5":{"start":{"line":12,"column":0},"end":{"line":12,"column":78}},"6":{"start":{"line":13,"column":0},"end":{"line":13,"column":72}},"7":{"start":{"line":14,"column":0},"end":{"line":14,"column":76}},"8":{"start":{"line":15,"column":0},"end":{"line":15,"column":86}},"9":{"start":{"line":16,"column":0},"end":{"line":16,"column":90}},"10":{"start":{"line":20,"column":0},"end":{"line":20,"column":23}}},"fnMap":{},"branchMap":{},"s":{"0":2,"1":2,"2":2,"3":2,"4":2,"5":2,"6":2,"7":2,"8":2,"9":2,"10":2},"f":{},"b":{},"_coverageSchema":"1a1c01bbd47fc00a2c39e90264f33305004495a9","hash":"78658b4829d01f3bd23493e9737cf36ec2187f97"}
,"/Users/kirstiehayes/Documents/emotionalise/routes/dashboard.js": {"path":"/Users/kirstiehayes/Documents/emotionalise/routes/dashboard.js","statementMap":{"0":{"start":{"line":1,"column":16},"end":{"line":1,"column":34}},"1":{"start":{"line":2,"column":15},"end":{"line":2,"column":31}},"2":{"start":{"line":3,"column":23},"end":{"line":3,"column":63}},"3":{"start":{"line":4,"column":31},"end":{"line":4,"column":79}},"4":{"start":{"line":5,"column":36},"end":{"line":5,"column":65}},"5":{"start":{"line":10,"column":0},"end":{"line":10,"column":57}},"6":{"start":{"line":11,"column":0},"end":{"line":11,"column":54}},"7":{"start":{"line":12,"column":0},"end":{"line":12,"column":67}},"8":{"start":{"line":14,"column":0},"end":{"line":14,"column":52}},"9":{"start":{"line":15,"column":0},"end":{"line":15,"column":46}},"10":{"start":{"line":19,"column":0},"end":{"line":19,"column":23}}},"fnMap":{},"branchMap":{},"s":{"0":2,"1":2,"2":2,"3":2,"4":2,"5":2,"6":2,"7":2,"8":2,"9":2,"10":2},"f":{},"b":{},"_coverageSchema":"1a1c01bbd47fc00a2c39e90264f33305004495a9","hash":"14753e227948e14f9b882b61e7768ed015719de6"}
,"/Users/kirstiehayes/Documents/emotionalise/routes/main.js": {"path":"/Users/kirstiehayes/Documents/emotionalise/routes/main.js","statementMap":{"0":{"start":{"line":3,"column":16},"end":{"line":3,"column":34}},"1":{"start":{"line":4,"column":15},"end":{"line":4,"column":31}},"2":{"start":{"line":5,"column":23},"end":{"line":5,"column":63}},"3":{"start":{"line":6,"column":23},"end":{"line":6,"column":53}},"4":{"start":{"line":7,"column":23},"end":{"line":7,"column":63}},"5":{"start":{"line":8,"column":36},"end":{"line":8,"column":65}},"6":{"start":{"line":10,"column":0},"end":{"line":10,"column":40}},"7":{"start":{"line":11,"column":0},"end":{"line":11,"column":48}},"8":{"start":{"line":12,"column":0},"end":{"line":12,"column":50}},"9":{"start":{"line":13,"column":0},"end":{"line":13,"column":46}},"10":{"start":{"line":14,"column":0},"end":{"line":14,"column":48}},"11":{"start":{"line":15,"column":0},"end":{"line":15,"column":45}},"12":{"start":{"line":18,"column":0},"end":{"line":18,"column":25}}},"fnMap":{},"branchMap":{},"s":{"0":2,"1":2,"2":2,"3":2,"4":2,"5":2,"6":2,"7":2,"8":2,"9":2,"10":2,"11":2,"12":2},"f":{},"b":{},"_coverageSchema":"1a1c01bbd47fc00a2c39e90264f33305004495a9","hash":"e87c2c6cec8ede30ab07e2a16df39ec84087fcdb"}
,"/Users/kirstiehayes/Documents/emotionalise/routes/motivations.js": {"path":"/Users/kirstiehayes/Documents/emotionalise/routes/motivations.js","statementMap":{"0":{"start":{"line":1,"column":16},"end":{"line":1,"column":34}},"1":{"start":{"line":2,"column":15},"end":{"line":2,"column":31}},"2":{"start":{"line":3,"column":15},"end":{"line":3,"column":46}},"3":{"start":{"line":4,"column":30},"end":{"line":4,"column":77}},"4":{"start":{"line":10,"column":0},"end":{"line":10,"column":55}},"5":{"start":{"line":11,"column":0},"end":{"line":11,"column":77}},"6":{"start":{"line":12,"column":0},"end":{"line":12,"column":101}},"7":{"start":{"line":13,"column":0},"end":{"line":13,"column":57}},"8":{"start":{"line":14,"column":0},"end":{"line":14,"column":77}},"9":{"start":{"line":15,"column":0},"end":{"line":15,"column":101}},"10":{"start":{"line":16,"column":0},"end":{"line":16,"column":78}},"11":{"start":{"line":20,"column":0},"end":{"line":20,"column":23}}},"fnMap":{},"branchMap":{},"s":{"0":2,"1":2,"2":2,"3":2,"4":2,"5":2,"6":2,"7":2,"8":2,"9":2,"10":2,"11":2},"f":{},"b":{},"_coverageSchema":"1a1c01bbd47fc00a2c39e90264f33305004495a9","hash":"d45a0779a58199aa912c8878a1ed960f774d5dcb"}
,"/Users/kirstiehayes/Documents/emotionalise/routes/profile.js": {"path":"/Users/kirstiehayes/Documents/emotionalise/routes/profile.js","statementMap":{"0":{"start":{"line":1,"column":16},"end":{"line":1,"column":34}},"1":{"start":{"line":2,"column":15},"end":{"line":2,"column":31}},"2":{"start":{"line":3,"column":15},"end":{"line":3,"column":46}},"3":{"start":{"line":4,"column":26},"end":{"line":4,"column":69}},"4":{"start":{"line":8,"column":0},"end":{"line":8,"column":50}},"5":{"start":{"line":9,"column":0},"end":{"line":9,"column":69}},"6":{"start":{"line":10,"column":0},"end":{"line":10,"column":93}},"7":{"start":{"line":11,"column":0},"end":{"line":11,"column":86}},"8":{"start":{"line":12,"column":0},"end":{"line":12,"column":71}},"9":{"start":{"line":14,"column":0},"end":{"line":14,"column":23}}},"fnMap":{},"branchMap":{},"s":{"0":2,"1":2,"2":2,"3":2,"4":2,"5":2,"6":2,"7":2,"8":2,"9":2},"f":{},"b":{},"_coverageSchema":"1a1c01bbd47fc00a2c39e90264f33305004495a9","hash":"f907a1a61e1a5aacf8dac89cd89bc8e44956aff2"}
,"/Users/kirstiehayes/Documents/emotionalise/routes/search.js": {"path":"/Users/kirstiehayes/Documents/emotionalise/routes/search.js","statementMap":{"0":{"start":{"line":2,"column":16},"end":{"line":2,"column":34}},"1":{"start":{"line":3,"column":15},"end":{"line":3,"column":31}},"2":{"start":{"line":4,"column":25},"end":{"line":4,"column":67}},"3":{"start":{"line":7,"column":0},"end":{"line":7,"column":52}},"4":{"start":{"line":10,"column":0},"end":{"line":10,"column":23}}},"fnMap":{},"branchMap":{},"s":{"0":2,"1":2,"2":2,"3":2,"4":2},"f":{},"b":{},"_coverageSchema":"1a1c01bbd47fc00a2c39e90264f33305004495a9","hash":"aeabf42ccaff277ec24eb766d748df77d3ca23d2"}
,"/Users/kirstiehayes/Documents/emotionalise/routes/thoughtDiary.js": {"path":"/Users/kirstiehayes/Documents/emotionalise/routes/thoughtDiary.js","statementMap":{"0":{"start":{"line":1,"column":16},"end":{"line":1,"column":34}},"1":{"start":{"line":2,"column":15},"end":{"line":2,"column":31}},"2":{"start":{"line":3,"column":15},"end":{"line":3,"column":46}},"3":{"start":{"line":4,"column":31},"end":{"line":4,"column":79}},"4":{"start":{"line":10,"column":0},"end":{"line":10,"column":57}},"5":{"start":{"line":11,"column":0},"end":{"line":11,"column":65}},"6":{"start":{"line":12,"column":0},"end":{"line":12,"column":62}},"7":{"start":{"line":14,"column":0},"end":{"line":14,"column":78}},"8":{"start":{"line":15,"column":0},"end":{"line":15,"column":96}},"9":{"start":{"line":16,"column":0},"end":{"line":16,"column":61}},"10":{"start":{"line":17,"column":0},"end":{"line":17,"column":78}},"11":{"start":{"line":18,"column":0},"end":{"line":18,"column":96}},"12":{"start":{"line":19,"column":0},"end":{"line":19,"column":78}},"13":{"start":{"line":20,"column":0},"end":{"line":20,"column":69}},"14":{"start":{"line":26,"column":0},"end":{"line":26,"column":23}}},"fnMap":{},"branchMap":{},"s":{"0":2,"1":2,"2":2,"3":2,"4":2,"5":2,"6":2,"7":2,"8":2,"9":2,"10":2,"11":2,"12":2,"13":2,"14":2},"f":{},"b":{},"_coverageSchema":"1a1c01bbd47fc00a2c39e90264f33305004495a9","hash":"68681a39dbc433ffff0a17b65ad58c75f0f2d2f2"}
}
