TN:
SF:app.js
FN:104,(anonymous_0)
FNF:1
FNH:1
FNDA:1,(anonymous_0)
DA:2,2
DA:3,2
DA:4,2
DA:6,2
DA:7,2
DA:8,2
DA:9,2
DA:10,2
DA:11,2
DA:12,2
DA:13,2
DA:14,2
DA:15,2
DA:17,2
DA:18,2
DA:19,2
DA:20,2
DA:21,2
DA:22,2
DA:23,2
DA:24,2
DA:25,2
DA:28,2
DA:33,2
DA:36,2
DA:39,2
DA:43,2
DA:44,2
DA:48,2
DA:49,2
DA:51,2
DA:53,2
DA:56,2
DA:59,2
DA:69,2
DA:70,2
DA:73,2
DA:75,2
DA:78,2
DA:79,2
DA:87,2
DA:88,2
DA:89,2
DA:90,2
DA:91,2
DA:92,2
DA:93,2
DA:94,2
DA:95,2
DA:104,2
DA:105,1
DA:109,2
LF:52
LH:52
BRF:0
BRH:0
end_of_record
TN:
SF:config/database.js
FN:3,(anonymous_0)
FNF:1
FNH:1
FNDA:2,(anonymous_0)
DA:1,2
DA:3,2
DA:5,2
DA:9,2
DA:10,2
DA:12,2
DA:14,0
DA:15,0
DA:19,2
LF:9
LH:7
BRDA:5,0,0,2
BRDA:5,0,1,0
BRF:2
BRH:1
end_of_record
TN:
SF:config/passport.js
FN:5,(anonymous_0)
FN:7,(anonymous_1)
FN:8,(anonymous_2)
FN:21,(anonymous_3)
FN:34,(anonymous_4)
FN:38,(anonymous_5)
FN:39,(anonymous_6)
FNF:7
FNH:1
FNDA:2,(anonymous_0)
FNDA:0,(anonymous_1)
FNDA:0,(anonymous_2)
FNDA:0,(anonymous_3)
FNDA:0,(anonymous_4)
FNDA:0,(anonymous_5)
FNDA:0,(anonymous_6)
DA:1,2
DA:2,2
DA:3,2
DA:5,2
DA:6,2
DA:8,0
DA:9,0
DA:10,0
DA:12,0
DA:13,0
DA:15,0
DA:16,0
DA:21,0
DA:22,0
DA:23,0
DA:25,0
DA:26,0
DA:28,0
DA:34,2
DA:35,0
DA:38,2
DA:39,0
LF:22
LH:7
BRDA:9,0,0,0
BRDA:9,0,1,0
BRDA:12,1,0,0
BRDA:12,1,1,0
BRDA:15,2,0,0
BRDA:15,2,1,0
BRDA:22,3,0,0
BRDA:22,3,1,0
BRDA:25,4,0,0
BRDA:25,4,1,0
BRF:10
BRH:0
end_of_record
TN:
SF:controllers/auth.js
FN:7,(anonymous_0)
FN:17,(anonymous_1)
FN:32,(anonymous_2)
FN:40,(anonymous_3)
FN:50,(anonymous_4)
FN:51,(anonymous_5)
FN:54,(anonymous_6)
FN:63,(anonymous_7)
FN:76,(anonymous_8)
FN:105,(anonymous_9)
FN:115,(anonymous_10)
FN:119,(anonymous_11)
FNF:12
FNH:0
FNDA:0,(anonymous_0)
FNDA:0,(anonymous_1)
FNDA:0,(anonymous_2)
FNDA:0,(anonymous_3)
FNDA:0,(anonymous_4)
FNDA:0,(anonymous_5)
FNDA:0,(anonymous_6)
FNDA:0,(anonymous_7)
FNDA:0,(anonymous_8)
FNDA:0,(anonymous_9)
FNDA:0,(anonymous_10)
FNDA:0,(anonymous_11)
DA:1,2
DA:2,2
DA:3,2
DA:4,2
DA:7,2
DA:8,0
DA:9,0
DA:11,0
DA:17,2
DA:18,0
DA:19,0
DA:20,0
DA:21,0
DA:22,0
DA:24,0
DA:25,0
DA:26,0
DA:28,0
DA:32,0
DA:33,0
DA:34,0
DA:36,0
DA:37,0
DA:38,0
DA:40,0
DA:41,0
DA:42,0
DA:44,0
DA:45,0
DA:50,2
DA:51,0
DA:52,0
DA:54,0
DA:55,0
DA:56,0
DA:57,0
DA:58,0
DA:63,2
DA:64,0
DA:65,0
DA:69,0
DA:76,2
DA:77,0
DA:78,0
DA:79,0
DA:80,0
DA:81,0
DA:82,0
DA:85,0
DA:86,0
DA:88,0
DA:89,0
DA:90,0
DA:92,0
DA:96,0
DA:103,0
DA:106,0
DA:107,0
DA:109,0
DA:110,0
DA:113,0
DA:115,0
DA:116,0
DA:117,0
DA:119,0
DA:120,0
DA:121,0
DA:123,0
LF:68
LH:9
BRDA:8,0,0,0
BRDA:8,0,1,0
BRDA:19,1,0,0
BRDA:19,1,1,0
BRDA:21,2,0,0
BRDA:21,2,1,0
BRDA:24,3,0,0
BRDA:24,3,1,0
BRDA:33,4,0,0
BRDA:33,4,1,0
BRDA:36,5,0,0
BRDA:36,5,1,0
BRDA:41,6,0,0
BRDA:41,6,1,0
BRDA:45,7,0,0
BRDA:45,7,1,0
BRDA:55,8,0,0
BRDA:55,8,1,0
BRDA:64,9,0,0
BRDA:64,9,1,0
BRDA:79,10,0,0
BRDA:79,10,1,0
BRDA:81,11,0,0
BRDA:81,11,1,0
BRDA:85,12,0,0
BRDA:85,12,1,0
BRDA:88,13,0,0
BRDA:88,13,1,0
BRDA:106,14,0,0
BRDA:106,14,1,0
BRDA:109,15,0,0
BRDA:109,15,1,0
BRDA:116,16,0,0
BRDA:116,16,1,0
BRDA:120,17,0,0
BRDA:120,17,1,0
BRF:36
BRH:0
end_of_record
TN:
SF:controllers/bookmarkController.js
FN:5,errorHandling
FN:10,(anonymous_1)
FN:28,(anonymous_2)
FN:49,(anonymous_3)
FN:61,(anonymous_4)
FN:78,(anonymous_5)
FN:92,(anonymous_6)
FN:107,(anonymous_7)
FNF:8
FNH:0
FNDA:0,errorHandling
FNDA:0,(anonymous_1)
FNDA:0,(anonymous_2)
FNDA:0,(anonymous_3)
FNDA:0,(anonymous_4)
FNDA:0,(anonymous_5)
FNDA:0,(anonymous_6)
FNDA:0,(anonymous_7)
DA:1,2
DA:2,2
DA:3,2
DA:6,0
DA:9,2
DA:11,0
DA:12,0
DA:18,0
DA:19,0
DA:20,0
DA:24,0
DA:29,0
DA:30,0
DA:39,0
DA:41,0
DA:45,0
DA:50,0
DA:51,0
DA:55,0
DA:56,0
DA:58,0
DA:62,0
DA:63,0
DA:69,0
DA:70,0
DA:71,0
DA:75,0
DA:79,0
DA:80,0
DA:86,0
DA:87,0
DA:89,0
DA:93,0
DA:94,0
DA:100,0
DA:101,0
DA:103,0
DA:108,0
DA:109,0
DA:112,0
DA:116,0
DA:120,0
DA:124,0
DA:128,0
DA:139,0
LF:45
LH:4
BRDA:6,0,0,0
BRDA:6,0,1,0
BRF:2
BRH:0
end_of_record
TN:
SF:controllers/commentsController.js
FN:6,errorHandling
FN:11,(anonymous_1)
FN:24,(anonymous_2)
FN:37,(anonymous_3)
FN:53,(anonymous_4)
FNF:5
FNH:0
FNDA:0,errorHandling
FNDA:0,(anonymous_1)
FNDA:0,(anonymous_2)
FNDA:0,(anonymous_3)
FNDA:0,(anonymous_4)
DA:1,2
DA:2,2
DA:3,2
DA:4,2
DA:7,0
DA:10,2
DA:12,0
DA:13,0
DA:19,0
DA:21,0
DA:25,0
DA:26,0
DA:31,0
DA:33,0
DA:38,0
DA:39,0
DA:40,0
DA:46,0
DA:47,0
DA:49,0
DA:54,0
DA:55,0
DA:56,0
DA:63,0
DA:64,0
DA:66,0
LF:26
LH:5
BRDA:7,0,0,0
BRDA:7,0,1,0
BRF:2
BRH:0
end_of_record
TN:
SF:controllers/communityController.js
FN:7,errorHandling
FN:12,(anonymous_1)
FN:27,(anonymous_2)
FN:64,(anonymous_3)
FN:79,(anonymous_4)
FN:95,(anonymous_5)
FN:133,(anonymous_6)
FN:147,(anonymous_7)
FNF:8
FNH:0
FNDA:0,errorHandling
FNDA:0,(anonymous_1)
FNDA:0,(anonymous_2)
FNDA:0,(anonymous_3)
FNDA:0,(anonymous_4)
FNDA:0,(anonymous_5)
FNDA:0,(anonymous_6)
FNDA:0,(anonymous_7)
DA:1,2
DA:2,2
DA:3,2
DA:5,2
DA:8,0
DA:11,2
DA:13,0
DA:14,0
DA:16,0
DA:17,0
DA:24,0
DA:28,0
DA:29,0
DA:33,0
DA:34,0
DA:36,0
DA:37,0
DA:38,0
DA:41,0
DA:45,0
DA:60,0
DA:65,0
DA:66,0
DA:67,0
DA:73,0
DA:74,0
DA:76,0
DA:80,0
DA:81,0
DA:82,0
DA:88,0
DA:89,0
DA:91,0
DA:96,0
DA:97,0
DA:100,0
DA:101,0
DA:102,0
DA:103,0
DA:106,0
DA:109,0
DA:110,0
DA:113,0
DA:129,0
DA:134,0
DA:135,0
DA:141,0
DA:143,0
DA:144,0
DA:148,0
DA:149,0
DA:155,0
DA:157,0
DA:158,0
LF:54
LH:5
BRDA:8,0,0,0
BRDA:8,0,1,0
BRF:2
BRH:0
end_of_record
TN:
SF:controllers/dashController.js
FN:8,getRandomQuotes
FN:13,(anonymous_1)
FN:26,(anonymous_2)
FN:44,(anonymous_3)
FN:57,(anonymous_4)
FN:69,(anonymous_5)
FN:91,(anonymous_6)
FN:105,(anonymous_7)
FNF:8
FNH:0
FNDA:0,getRandomQuotes
FNDA:0,(anonymous_1)
FNDA:0,(anonymous_2)
FNDA:0,(anonymous_3)
FNDA:0,(anonymous_4)
FNDA:0,(anonymous_5)
FNDA:0,(anonymous_6)
FNDA:0,(anonymous_7)
DA:1,2
DA:2,2
DA:3,2
DA:6,2
DA:9,0
DA:12,2
DA:14,0
DA:15,0
DA:18,0
DA:19,0
DA:20,0
DA:26,0
DA:27,0
DA:28,0
DA:29,0
DA:41,0
DA:45,0
DA:48,0
DA:52,0
DA:54,0
DA:58,0
DA:59,0
DA:60,0
DA:66,0
DA:70,0
DA:71,0
DA:72,0
DA:75,0
DA:78,0
DA:81,0
DA:82,0
DA:88,0
DA:92,0
DA:93,0
DA:94,0
DA:97,0
DA:99,0
DA:102,0
DA:106,0
DA:107,0
DA:108,0
DA:112,0
DA:114,0
DA:116,0
LF:44
LH:5
BRF:0
BRH:0
end_of_record
TN:
SF:controllers/homeController.js
FN:9,errorHandling
FN:23,(anonymous_1)
FNF:2
FNH:1
FNDA:0,errorHandling
FNDA:1,(anonymous_1)
DA:10,0
DA:22,2
DA:24,1
DA:25,1
DA:26,1
DA:29,0
LF:6
LH:4
BRDA:10,0,0,0
BRDA:10,0,1,0
BRF:2
BRH:0
end_of_record
TN:
SF:controllers/motivationsController.js
FN:6,(anonymous_0)
FN:26,(anonymous_1)
FN:41,(anonymous_2)
FN:62,(anonymous_3)
FN:78,(anonymous_4)
FN:93,(anonymous_5)
FN:117,(anonymous_6)
FNF:7
FNH:0
FNDA:0,(anonymous_0)
FNDA:0,(anonymous_1)
FNDA:0,(anonymous_2)
FNDA:0,(anonymous_3)
FNDA:0,(anonymous_4)
FNDA:0,(anonymous_5)
FNDA:0,(anonymous_6)
DA:1,2
DA:2,2
DA:3,2
DA:5,2
DA:7,0
DA:8,0
DA:9,0
DA:12,0
DA:22,0
DA:27,0
DA:29,0
DA:30,0
DA:31,0
DA:37,0
DA:42,0
DA:43,0
DA:45,0
DA:47,0
DA:55,0
DA:56,0
DA:58,0
DA:63,0
DA:64,0
DA:65,0
DA:67,0
DA:75,0
DA:79,0
DA:80,0
DA:82,0
DA:89,0
DA:94,0
DA:96,0
DA:98,0
DA:107,0
DA:108,0
DA:109,0
DA:110,0
DA:112,0
DA:118,0
DA:120,0
DA:124,0
DA:125,0
DA:126,0
DA:128,0
DA:129,0
LF:45
LH:4
BRF:0
BRH:0
end_of_record
TN:
SF:controllers/profileController.js
FN:7,errorHandling
FN:12,(anonymous_1)
FN:70,(anonymous_2)
FN:94,(anonymous_3)
FN:116,(anonymous_4)
FN:132,(anonymous_5)
FNF:6
FNH:0
FNDA:0,errorHandling
FNDA:0,(anonymous_1)
FNDA:0,(anonymous_2)
FNDA:0,(anonymous_3)
FNDA:0,(anonymous_4)
FNDA:0,(anonymous_5)
DA:1,2
DA:2,2
DA:3,2
DA:4,2
DA:5,2
DA:8,0
DA:11,2
DA:14,0
DA:15,0
DA:17,0
DA:27,0
DA:43,0
DA:55,0
DA:57,0
DA:67,0
DA:71,0
DA:72,0
DA:87,0
DA:88,0
DA:90,0
DA:95,0
DA:97,0
DA:99,0
DA:108,0
DA:109,0
DA:111,0
DA:117,0
DA:119,0
DA:123,0
DA:124,0
DA:125,0
DA:127,0
DA:128,0
DA:133,0
DA:134,0
DA:135,0
DA:142,0
LF:37
LH:6
BRDA:8,0,0,0
BRDA:8,0,1,0
BRF:2
BRH:0
end_of_record
TN:
SF:controllers/searchController.js
FN:5,errorHandling
FN:10,(anonymous_1)
FNF:2
FNH:0
FNDA:0,errorHandling
FNDA:0,(anonymous_1)
DA:1,2
DA:2,2
DA:3,2
DA:6,0
DA:9,2
DA:11,0
DA:12,0
DA:13,0
DA:14,0
DA:15,0
DA:18,0
DA:21,0
DA:22,0
DA:30,0
LF:14
LH:4
BRDA:6,0,0,0
BRDA:6,0,1,0
BRF:2
BRH:0
end_of_record
TN:
SF:controllers/thoughtDiaryController.js
FN:6,errorHandling
FN:10,(anonymous_1)
FN:47,(anonymous_2)
FN:70,(anonymous_3)
FN:86,(anonymous_4)
FN:100,(anonymous_5)
FN:123,(anonymous_6)
FN:140,(anonymous_7)
FN:150,(anonymous_8)
FN:165,(anonymous_9)
FNF:10
FNH:0
FNDA:0,errorHandling
FNDA:0,(anonymous_1)
FNDA:0,(anonymous_2)
FNDA:0,(anonymous_3)
FNDA:0,(anonymous_4)
FNDA:0,(anonymous_5)
FNDA:0,(anonymous_6)
FNDA:0,(anonymous_7)
FNDA:0,(anonymous_8)
FNDA:0,(anonymous_9)
DA:1,2
DA:2,2
DA:3,2
DA:4,2
DA:7,0
DA:9,2
DA:12,0
DA:13,0
DA:14,0
DA:15,0
DA:16,0
DA:17,0
DA:20,0
DA:25,0
DA:30,0
DA:44,0
DA:48,0
DA:49,0
DA:50,0
DA:51,0
DA:52,0
DA:55,0
DA:58,0
DA:59,0
DA:66,0
DA:71,0
DA:73,0
DA:77,0
DA:78,0
DA:79,0
DA:81,0
DA:82,0
DA:87,0
DA:88,0
DA:90,0
DA:97,0
DA:101,0
DA:103,0
DA:105,0
DA:117,0
DA:118,0
DA:120,0
DA:124,0
DA:125,0
DA:126,0
DA:127,0
DA:128,0
DA:136,0
DA:141,0
DA:143,0
DA:145,0
DA:147,0
DA:151,0
DA:152,0
DA:153,0
DA:154,0
DA:161,0
DA:166,0
DA:168,0
DA:170,0
DA:180,0
DA:181,0
DA:183,0
LF:63
LH:5
BRDA:7,0,0,0
BRDA:7,0,1,0
BRDA:15,1,0,0
BRDA:15,1,1,0
BRF:4
BRH:0
end_of_record
TN:
SF:middleware/auth.js
FN:2,(anonymous_0)
FN:9,(anonymous_1)
FNF:2
FNH:1
FNDA:1,(anonymous_0)
FNDA:0,(anonymous_1)
DA:1,2
DA:3,1
DA:4,0
DA:6,1
DA:10,0
DA:11,0
DA:13,0
LF:7
LH:3
BRDA:3,0,0,0
BRDA:3,0,1,1
BRDA:10,1,0,0
BRDA:10,1,1,0
BRF:4
BRH:1
end_of_record
TN:
SF:middleware/cloudinary.js
FNF:0
FNH:0
DA:1,2
DA:3,2
DA:5,2
DA:11,2
LF:4
LH:4
BRF:0
BRH:0
end_of_record
TN:
SF:middleware/multer.js
FN:6,(anonymous_0)
FNF:1
FNH:0
FNDA:0,(anonymous_0)
DA:1,2
DA:2,2
DA:4,2
DA:7,0
DA:8,0
DA:15,0
DA:16,0
DA:18,0
LF:8
LH:3
BRDA:8,0,0,0
BRDA:8,0,1,0
BRDA:9,1,0,0
BRDA:9,1,1,0
BRDA:9,1,2,0
BRDA:9,1,3,0
BRDA:9,1,4,0
BRF:7
BRH:0
end_of_record
TN:
SF:models/Comments.js
FNF:0
FNH:0
DA:1,2
DA:3,2
DA:32,2
LF:3
LH:3
BRF:0
BRH:0
end_of_record
TN:
SF:models/Motivations.js
FNF:0
FNH:0
DA:1,2
DA:3,2
DA:49,2
DA:51,2
LF:4
LH:4
BRF:0
BRH:0
end_of_record
TN:
SF:models/PostCodes.js
FNF:0
FNH:0
DA:1,2
DA:3,2
DA:18,2
DA:21,2
LF:4
LH:4
BRF:0
BRH:0
end_of_record
TN:
SF:models/Thoughts.js
FNF:0
FNH:0
DA:1,2
DA:3,2
DA:55,2
DA:57,2
LF:4
LH:4
BRF:0
BRH:0
end_of_record
TN:
SF:models/User.js
FN:48,save
FN:53,(anonymous_1)
FN:57,(anonymous_2)
FN:69,comparePassword
FN:73,(anonymous_4)
FNF:5
FNH:0
FNDA:0,save
FNDA:0,(anonymous_1)
FNDA:0,(anonymous_2)
FNDA:0,comparePassword
FNDA:0,(anonymous_4)
DA:1,2
DA:2,2
DA:3,2
DA:5,2
DA:48,2
DA:49,0
DA:50,0
DA:51,0
DA:53,0
DA:54,0
DA:55,0
DA:57,0
DA:58,0
DA:59,0
DA:61,0
DA:62,0
DA:69,2
DA:73,0
DA:74,0
DA:78,2
LF:20
LH:7
BRDA:50,0,0,0
BRDA:50,0,1,0
BRDA:54,1,0,0
BRDA:54,1,1,0
BRDA:58,2,0,0
BRDA:58,2,1,0
BRF:6
BRH:0
end_of_record
TN:
SF:public/helper.js
FN:2,(anonymous_0)
FNF:1
FNH:1
FNDA:14,(anonymous_0)
DA:2,2
DA:4,14
DA:6,14
DA:8,14
DA:13,2
LF:5
LH:5
BRF:0
BRH:0
end_of_record
TN:
SF:routes/bookmarks.js
FNF:0
FNH:0
DA:1,2
DA:2,2
DA:4,2
DA:5,2
DA:10,2
DA:11,2
DA:12,2
DA:13,2
DA:14,2
DA:15,2
DA:16,2
DA:19,2
LF:12
LH:12
BRF:0
BRH:0
end_of_record
TN:
SF:routes/comments.js
FNF:0
FNH:0
DA:1,2
DA:2,2
DA:4,2
DA:7,2
DA:8,2
DA:9,2
DA:10,2
DA:13,2
LF:8
LH:8
BRF:0
BRH:0
end_of_record
TN:
SF:routes/community.js
FNF:0
FNH:0
DA:1,2
DA:2,2
DA:4,2
DA:10,2
DA:11,2
DA:12,2
DA:13,2
DA:14,2
DA:15,2
DA:16,2
DA:20,2
LF:11
LH:11
BRF:0
BRH:0
end_of_record
TN:
SF:routes/dashboard.js
FNF:0
FNH:0
DA:1,2
DA:2,2
DA:3,2
DA:4,2
DA:5,2
DA:10,2
DA:11,2
DA:12,2
DA:14,2
DA:15,2
DA:19,2
LF:11
LH:11
BRF:0
BRH:0
end_of_record
TN:
SF:routes/main.js
FNF:0
FNH:0
DA:3,2
DA:4,2
DA:5,2
DA:6,2
DA:7,2
DA:8,2
DA:10,2
DA:11,2
DA:12,2
DA:13,2
DA:14,2
DA:15,2
DA:18,2
LF:13
LH:13
BRF:0
BRH:0
end_of_record
TN:
SF:routes/motivations.js
FNF:0
FNH:0
DA:1,2
DA:2,2
DA:3,2
DA:4,2
DA:10,2
DA:11,2
DA:12,2
DA:13,2
DA:14,2
DA:15,2
DA:16,2
DA:20,2
LF:12
LH:12
BRF:0
BRH:0
end_of_record
TN:
SF:routes/profile.js
FNF:0
FNH:0
DA:1,2
DA:2,2
DA:3,2
DA:4,2
DA:8,2
DA:9,2
DA:10,2
DA:11,2
DA:12,2
DA:14,2
LF:10
LH:10
BRF:0
BRH:0
end_of_record
TN:
SF:routes/search.js
FNF:0
FNH:0
DA:2,2
DA:3,2
DA:4,2
DA:7,2
DA:10,2
LF:5
LH:5
BRF:0
BRH:0
end_of_record
TN:
SF:routes/thoughtDiary.js
FNF:0
FNH:0
DA:1,2
DA:2,2
DA:3,2
DA:4,2
DA:10,2
DA:11,2
DA:12,2
DA:14,2
DA:15,2
DA:16,2
DA:17,2
DA:18,2
DA:19,2
DA:20,2
DA:26,2
LF:15
LH:15
BRF:0
BRH:0
end_of_record
